Using pre-set license
Built from '2020.3/staging' branch; Version is '2020.3.21f1 (a38c86f6690f) revision 10718342'; Using compiler version '192528614'; Build Type 'Release'
OS: 'Windows 10 Education; OS build 19043.1415; Version 2009; 64bit' Language: 'en' Physical Memory: 16335 MB
BatchMode: 1, IsHumanControllingUs: 0, StartBugReporterOnCrash: 0, Is64bit: 1, IsPro: 0

COMMAND LINE ARGUMENTS:
C:\Program Files\Unity\Hub\Editor\2020.3.21f1\Editor\Unity.exe
-adb2
-batchMode
-noUpm
-name
AssetImportWorker0
-projectPath
C:/Users/Bar/Documents/GitHub/VR-Classroom/VirtaulClassroom
-logFile
Logs/AssetImportWorker0.log
-srvPort
14890
Successfully changed project path to: C:/Users/Bar/Documents/GitHub/VR-Classroom/VirtaulClassroom
C:/Users/Bar/Documents/GitHub/VR-Classroom/VirtaulClassroom
Using Asset Import Pipeline V2.
Refreshing native plugins compatible for Editor in 65.34 ms, found 17 plugins.
Preloading 2 native plugins for Editor in 1.76 ms.
Initialize engine version: 2020.3.21f1 (a38c86f6690f)
[Subsystems] Discovering subsystems at path C:/Program Files/Unity/Hub/Editor/2020.3.21f1/Editor/Data/Resources/UnitySubsystems
[Subsystems] Discovering subsystems at path C:/Users/Bar/Documents/GitHub/VR-Classroom/VirtaulClassroom/Assets
GfxDevice: creating device client; threaded=0
Direct3D:
    Version:  Direct3D 11.0 [level 11.1]
    Renderer: NVIDIA GeForce RTX 3060 Ti (ID=0x2486)
    Vendor:   
    VRAM:     8050 MB
    Driver:   30.0.14.9676
Initialize mono
Mono path[0] = 'C:/Program Files/Unity/Hub/Editor/2020.3.21f1/Editor/Data/Managed'
Mono path[1] = 'C:/Program Files/Unity/Hub/Editor/2020.3.21f1/Editor/Data/MonoBleedingEdge/lib/mono/unityjit'
Mono config path = 'C:/Program Files/Unity/Hub/Editor/2020.3.21f1/Editor/Data/MonoBleedingEdge/etc'
Using monoOptions --debugger-agent=transport=dt_socket,embedding=1,server=y,suspend=n,address=127.0.0.1:56264
Begin MonoManager ReloadAssembly
Registering precompiled unity dll's ...
Register platform support module: C:/Program Files/Unity/Hub/Editor/2020.3.21f1/Editor/Data/PlaybackEngines/WindowsStandaloneSupport/UnityEditor.WindowsStandalone.Extensions.dll
Registered in 0.001636 seconds.
Native extension for WindowsStandalone target not found
Refreshing native plugins compatible for Editor in 47.31 ms, found 17 plugins.
Preloading 2 native plugins for Editor in 0.12 ms.
Mono: successfully reloaded assembly
- Completed reload, in  1.492 seconds
Domain Reload Profiling:
	ReloadAssembly (1492ms)
		BeginReloadAssembly (49ms)
			ExecutionOrderSort (0ms)
			DisableScriptedObjects (0ms)
			BackupInstance (0ms)
			ReleaseScriptingObjects (0ms)
			CreateAndSetChildDomain (1ms)
		EndReloadAssembly (379ms)
			LoadAssemblies (47ms)
			RebuildTransferFunctionScriptingTraits (0ms)
			SetupTypeCache (124ms)
			ReleaseScriptCaches (0ms)
			RebuildScriptCaches (25ms)
			SetupLoadedEditorAssemblies (147ms)
				LogAssemblyErrors (0ms)
				InitializePlatformSupportModulesInManaged (3ms)
				SetLoadedEditorAssemblies (0ms)
				RefreshPlugins (47ms)
				BeforeProcessingInitializeOnLoad (7ms)
				ProcessInitializeOnLoadAttributes (66ms)
				ProcessInitializeOnLoadMethodAttributes (23ms)
				AfterProcessingInitializeOnLoad (0ms)
				EditorAssembliesLoaded (0ms)
			ExecutionOrderSort2 (0ms)
			AwakeInstancesAfterBackupRestoration (0ms)
Platform modules already initialized, skipping
Registering precompiled user dll's ...
Registered in 0.010641 seconds.
Begin MonoManager ReloadAssembly
Native extension for WindowsStandalone target not found
Refreshing native plugins compatible for Editor in 46.08 ms, found 17 plugins.
Preloading 2 native plugins for Editor in 0.12 ms.
[XR] OculusXRPlugin: registering subsystems
[XR] Unable to register display lifecyle provider: [1]
[XR] Oculus Input lifecycle provider registered.
[XR] Unable to register input lifecyle provider: [1]
System.Reflection.TargetInvocationException: Exception has been thrown by the target of an invocation. ---> System.NullReferenceException: Object reference not set to an instance of an object
  at Unity.XR.Oculus.OculusLoader.AssetPathToAbsolutePath (System.String assetPath) [0x00048] in C:\Users\Bar\Documents\GitHub\VR-Classroom\VirtaulClassroom\Library\PackageCache\com.unity.xr.oculus@1.10.0\Runtime\OculusLoader.cs:250 
  at Unity.XR.Oculus.OculusLoader.EditorLoadOVRPlugin () [0x0007b] in C:\Users\Bar\Documents\GitHub\VR-Classroom\VirtaulClassroom\Library\PackageCache\com.unity.xr.oculus@1.10.0\Runtime\OculusLoader.cs:235 
  at (wrapper managed-to-native) System.Reflection.MonoMethod.InternalInvoke(System.Reflection.MonoMethod,object,object[],System.Exception&)
  at System.Reflection.MonoMethod.Invoke (System.Object obj, System.Reflection.BindingFlags invokeAttr, System.Reflection.Binder binder, System.Object[] parameters, System.Globalization.CultureInfo culture) [0x00032] in <695d1cc93cca45069c528c15c9fdd749>:0 
   --- End of inner exception stack trace ---
  at System.Reflection.MonoMethod.Invoke (System.Object obj, System.Reflection.BindingFlags invokeAttr, System.Reflection.Binder binder, System.Object[] parameters, System.Globalization.CultureInfo culture) [0x00048] in <695d1cc93cca45069c528c15c9fdd749>:0 
  at System.Reflection.MethodBase.Invoke (System.Object obj, System.Object[] parameters) [0x00000] in <695d1cc93cca45069c528c15c9fdd749>:0 
  at UnityEditor.EditorAssemblies.ProcessInitializeOnLoadMethodAttributes () [0x00047] in <208f92fc783546f9abbe643bfc23920c>:0 
UnityEngine.StackTraceUtility:ExtractStackTrace ()
UnityEngine.DebugLogHandler:LogFormat (UnityEngine.LogType,UnityEngine.Object,string,object[])
UnityEngine.Logger:Log (UnityEngine.LogType,object)
UnityEngine.Debug:LogError (object)
UnityEditor.EditorAssemblies:ProcessInitializeOnLoadMethodAttributes ()

Mono: successfully reloaded assembly
- Completed reload, in  1.027 seconds
Domain Reload Profiling:
	ReloadAssembly (1028ms)
		BeginReloadAssembly (127ms)
			ExecutionOrderSort (0ms)
			DisableScriptedObjects (4ms)
			BackupInstance (0ms)
			ReleaseScriptingObjects (0ms)
			CreateAndSetChildDomain (17ms)
		EndReloadAssembly (845ms)
			LoadAssemblies (81ms)
			RebuildTransferFunctionScriptingTraits (0ms)
			SetupTypeCache (255ms)
			ReleaseScriptCaches (1ms)
			RebuildScriptCaches (44ms)
			SetupLoadedEditorAssemblies (358ms)
				LogAssemblyErrors (0ms)
				InitializePlatformSupportModulesInManaged (3ms)
				SetLoadedEditorAssemblies (0ms)
				RefreshPlugins (46ms)
				BeforeProcessingInitializeOnLoad (68ms)
				ProcessInitializeOnLoadAttributes (219ms)
				ProcessInitializeOnLoadMethodAttributes (15ms)
				AfterProcessingInitializeOnLoad (6ms)
				EditorAssembliesLoaded (0ms)
			ExecutionOrderSort2 (0ms)
			AwakeInstancesAfterBackupRestoration (4ms)
Platform modules already initialized, skipping
========================================================================
Worker process is ready to serve import requests
Launched and connected shader compiler UnityShaderCompiler.exe after 0.04 seconds
Refreshing native plugins compatible for Editor in 0.88 ms, found 17 plugins.
Preloading 2 native plugins for Editor in 0.13 ms.
Unloading 2557 Unused Serialized files (Serialized files now loaded: 0)
System memory in use before: 107.5 MB.
System memory in use after: 107.7 MB.

Unloading 42 unused Assets to reduce memory usage. Loaded Objects now: 3004.
Total: 3.144700 ms (FindLiveObjects: 0.242700 ms CreateObjectMapping: 0.070400 ms MarkObjects: 2.769300 ms  DeleteObjects: 0.061500 ms)

AssetImportParameters requested are different than current active one (requested -> active):
  custom:framework-win-MediaFoundation: 216162199b28c13a410421893ffa2e32 -> 
  custom:video-decoder-ogg-theora: a1e56fd34408186e4bbccfd4996cb3dc -> 
  custom:container-muxer-webm: aa71ff27fc2769a1b78a27578f13a17b -> 
  custom:container-demuxer-webm: 4f35f7cbe854078d1ac9338744f61a02 -> 
  custom:container-demuxer-ogg: 62fdf1f143b41e24485cea50d1cbac27 -> 
  custom:video-encoder-webm-vp8: eb34c28f22e8b96e1ab97ce403110664 -> 
  custom:video-decoder-webm-vp8: 9c59270c3fd7afecdb556c50c9e8de78 -> 
  custom:audio-decoder-ogg-vorbis: bf7c407c2cedff20999df2af8eb42d56 -> 
  custom:audio-encoder-webm-vorbis: bf7c407c2cedff20999df2af8eb42d56 -> 
========================================================================
Received Import Request.
  path: Assets/Packages/01_AssetStore/DoorPackFree/Meshes/Video intercom/Textures/V1/Aferar_01 - Default_AO.png
  artifactKey: Guid(7ee583edf3c5c8f4cbe8ec132bb8730c) Importer(815301076,1909f56bfc062723c751e8b465ee728b)
Start importing Assets/Packages/01_AssetStore/DoorPackFree/Meshes/Video intercom/Textures/V1/Aferar_01 - Default_AO.png using Guid(7ee583edf3c5c8f4cbe8ec132bb8730c) Importer(815301076,1909f56bfc062723c751e8b465ee728b)  -> (artifact id: '9bdcf3e8729a5e60e11b0958fa08a7cf') in 0.095110 seconds 
  Import took 0.098534 seconds .

========================================================================
Received Import Request.
  Time since last request: 0.000182 seconds.
  path: Assets/Packages/01_AssetStore/DoorPackFree/Meshes/Door001/V4/Aferar_13 - Default_SpecularSmoothness.png
  artifactKey: Guid(bf6a199938892ba48adc1e257c1f6c40) Importer(815301076,1909f56bfc062723c751e8b465ee728b)
Start importing Assets/Packages/01_AssetStore/DoorPackFree/Meshes/Door001/V4/Aferar_13 - Default_SpecularSmoothness.png using Guid(bf6a199938892ba48adc1e257c1f6c40) Importer(815301076,1909f56bfc062723c751e8b465ee728b)  -> (artifact id: '88f68761685923e9079cf0c4be628567') in 0.041001 seconds 
  Import took 0.044712 seconds .

========================================================================
Received Import Request.
  Time since last request: 0.000156 seconds.
  path: Assets/Packages/01_AssetStore/DoorPackFree/Meshes/Door001/V2/Aferar_13 - Default_AO.png
  artifactKey: Guid(1091c73cfaecb1e41a7f2d66b5548365) Importer(815301076,1909f56bfc062723c751e8b465ee728b)
Start importing Assets/Packages/01_AssetStore/DoorPackFree/Meshes/Door001/V2/Aferar_13 - Default_AO.png using Guid(1091c73cfaecb1e41a7f2d66b5548365) Importer(815301076,1909f56bfc062723c751e8b465ee728b)  -> (artifact id: '9d3465f71e9f4a2b464b3f3e2afae20a') in 0.021874 seconds 
  Import took 0.025236 seconds .

========================================================================
Received Import Request.
  Time since last request: 0.000201 seconds.
  path: Assets/Packages/01_AssetStore/DoorPackFree/Scenes/Demo/Lightmap-1_comp_dir.png
  artifactKey: Guid(159ec742e94ef4045a9f19736e986997) Importer(815301076,1909f56bfc062723c751e8b465ee728b)
Start importing Assets/Packages/01_AssetStore/DoorPackFree/Scenes/Demo/Lightmap-1_comp_dir.png using Guid(159ec742e94ef4045a9f19736e986997) Importer(815301076,1909f56bfc062723c751e8b465ee728b)  -> (artifact id: 'c68231f828275191b264636823060395') in 0.017418 seconds 
  Import took 0.020814 seconds .

========================================================================
Received Import Request.
  Time since last request: 0.000182 seconds.
  path: Assets/Packages/Alstra Infinite/Vehicles LowPoly/Texture/PolyPackVehicles.png
  artifactKey: Guid(c57073fb69dc53b4c85bcf894392ca8f) Importer(815301076,1909f56bfc062723c751e8b465ee728b)
Start importing Assets/Packages/Alstra Infinite/Vehicles LowPoly/Texture/PolyPackVehicles.png using Guid(c57073fb69dc53b4c85bcf894392ca8f) Importer(815301076,1909f56bfc062723c751e8b465ee728b)  -> (artifact id: 'ba37e468a52dcff996fc309f2fa73736') in 0.009707 seconds 
  Import took 0.013466 seconds .

========================================================================
Received Import Request.
  Time since last request: 0.000170 seconds.
  path: Assets/Packages/01_AssetStore/DoorPackFree/Meshes/Door001/V6/Aferar_13 - Default_AO.png
  artifactKey: Guid(0ffb81b0528c7604ab017e61045f45f4) Importer(815301076,1909f56bfc062723c751e8b465ee728b)
Start importing Assets/Packages/01_AssetStore/DoorPackFree/Meshes/Door001/V6/Aferar_13 - Default_AO.png using Guid(0ffb81b0528c7604ab017e61045f45f4) Importer(815301076,1909f56bfc062723c751e8b465ee728b)  -> (artifact id: '56af30b67863526264e017fc6ec13908') in 0.020726 seconds 
  Import took 0.023776 seconds .

========================================================================
Received Import Request.
  Time since last request: 0.000180 seconds.
  path: Assets/Packages/01_AssetStore/DoorPackFree/Meshes/Door001/V6/Aferar_13 - Default_SpecularSmoothness.png
  artifactKey: Guid(e2d2f6fd919564b42bdfb8258f8f800d) Importer(815301076,1909f56bfc062723c751e8b465ee728b)
Start importing Assets/Packages/01_AssetStore/DoorPackFree/Meshes/Door001/V6/Aferar_13 - Default_SpecularSmoothness.png using Guid(e2d2f6fd919564b42bdfb8258f8f800d) Importer(815301076,1909f56bfc062723c751e8b465ee728b)  -> (artifact id: '5e4dcfc25bf174d1655dda97a456f938') in 0.031176 seconds 
  Import took 0.034676 seconds .

========================================================================
Received Import Request.
  Time since last request: 0.000147 seconds.
  path: Assets/Packages/01_AssetStore/DoorPackFree/Meshes/Door001/V2/Aferar_13 - Default_AlbedoTransparency.png
  artifactKey: Guid(056225c9a13957f47862151fdd5a4fc8) Importer(815301076,1909f56bfc062723c751e8b465ee728b)
Start importing Assets/Packages/01_AssetStore/DoorPackFree/Meshes/Door001/V2/Aferar_13 - Default_AlbedoTransparency.png using Guid(056225c9a13957f47862151fdd5a4fc8) Importer(815301076,1909f56bfc062723c751e8b465ee728b)  -> (artifact id: '674a36ac78ecce88d6545665a827cf1f') in 0.026473 seconds 
  Import took 0.029536 seconds .

========================================================================
Received Import Request.
  Time since last request: 0.000146 seconds.
  path: Assets/Packages/01_AssetStore/DoorPackFree/Meshes/Door001/V5/Aferar_13 - Default_Normal.png
  artifactKey: Guid(96c6fb585e424844f9d5f2347f6c892e) Importer(815301076,1909f56bfc062723c751e8b465ee728b)
Start importing Assets/Packages/01_AssetStore/DoorPackFree/Meshes/Door001/V5/Aferar_13 - Default_Normal.png using Guid(96c6fb585e424844f9d5f2347f6c892e) Importer(815301076,1909f56bfc062723c751e8b465ee728b)  -> (artifact id: 'ffeb52d90551e05a4e5d9d008dd3d7eb') in 0.036203 seconds 
  Import took 0.039431 seconds .

========================================================================
Received Import Request.
  Time since last request: 0.000157 seconds.
  path: Assets/Packages/01_AssetStore/DoorPackFree/Meshes/Door001/V6/Aferar_13 - Default_Normal.png
  artifactKey: Guid(1ea63be4bbf2e2d4a83451053a7fd5dc) Importer(815301076,1909f56bfc062723c751e8b465ee728b)
Start importing Assets/Packages/01_AssetStore/DoorPackFree/Meshes/Door001/V6/Aferar_13 - Default_Normal.png using Guid(1ea63be4bbf2e2d4a83451053a7fd5dc) Importer(815301076,1909f56bfc062723c751e8b465ee728b)  -> (artifact id: 'ca76c6b6fb2d494a69399ff11960834e') in 0.040916 seconds 
  Import took 0.044245 seconds .

========================================================================
Received Import Request.
  Time since last request: 0.000178 seconds.
  path: Assets/Packages/01_AssetStore/DoorPackFree/Meshes/Video intercom/Textures/V2/Aferar_01 - Default_SpecularSmoothness.png
  artifactKey: Guid(b5068666fca838c42a2363d5e66e7f83) Importer(815301076,1909f56bfc062723c751e8b465ee728b)
Start importing Assets/Packages/01_AssetStore/DoorPackFree/Meshes/Video intercom/Textures/V2/Aferar_01 - Default_SpecularSmoothness.png using Guid(b5068666fca838c42a2363d5e66e7f83) Importer(815301076,1909f56bfc062723c751e8b465ee728b)  -> (artifact id: 'c22dd4c854079fd6785b092dd64fa37f') in 0.030638 seconds 
  Import took 0.033971 seconds .

========================================================================
Received Import Request.
  Time since last request: 0.000157 seconds.
  path: Assets/Packages/01_AssetStore/DoorPackFree/Meshes/Door001/V3/Aferar_13 - Default_Normal.png
  artifactKey: Guid(7150f51fa092a5a44a2714c16a5c407d) Importer(815301076,1909f56bfc062723c751e8b465ee728b)
Start importing Assets/Packages/01_AssetStore/DoorPackFree/Meshes/Door001/V3/Aferar_13 - Default_Normal.png using Guid(7150f51fa092a5a44a2714c16a5c407d) Importer(815301076,1909f56bfc062723c751e8b465ee728b)  -> (artifact id: '3569fbec25423ef7d2fd8716a072cea6') in 0.041223 seconds 
  Import took 0.044308 seconds .

========================================================================
Received Import Request.
  Time since last request: 0.000199 seconds.
  path: Assets/Packages/01_AssetStore/DoorPackFree/Meshes/Door001/V2/Aferar_13 - Default_Normal.png
  artifactKey: Guid(9b76e69cbc8af7f4c9964af354d53982) Importer(815301076,1909f56bfc062723c751e8b465ee728b)
Start importing Assets/Packages/01_AssetStore/DoorPackFree/Meshes/Door001/V2/Aferar_13 - Default_Normal.png using Guid(9b76e69cbc8af7f4c9964af354d53982) Importer(815301076,1909f56bfc062723c751e8b465ee728b)  -> (artifact id: 'f3e405a9d64cf7217212037f87aa7e76') in 0.053626 seconds 
  Import took 0.057242 seconds .

========================================================================
Received Import Request.
  Time since last request: 0.000209 seconds.
  path: Assets/Materials/GrassTexture.jpg
  artifactKey: Guid(7625e46da7250014a81e5c5b53de542c) Importer(815301076,1909f56bfc062723c751e8b465ee728b)
Start importing Assets/Materials/GrassTexture.jpg using Guid(7625e46da7250014a81e5c5b53de542c) Importer(815301076,1909f56bfc062723c751e8b465ee728b)  -> (artifact id: '370d530409ecc33d229cc11bd1bebde3') in 0.020989 seconds 
  Import took 0.024564 seconds .

========================================================================
Received Import Request.
  Time since last request: 0.000163 seconds.
  path: Assets/Stylized Grass Texture/Textures/Vol_42_1_Roughness.png
  artifactKey: Guid(7c71c756b680c1a47b27345dccbbc51f) Importer(815301076,1909f56bfc062723c751e8b465ee728b)
Start importing Assets/Stylized Grass Texture/Textures/Vol_42_1_Roughness.png using Guid(7c71c756b680c1a47b27345dccbbc51f) Importer(815301076,1909f56bfc062723c751e8b465ee728b)  -> (artifact id: 'e63e4366e78c6e6be32f4a809c7af75b') in 0.039638 seconds 
  Import took 0.042706 seconds .

========================================================================
Received Import Request.
  Time since last request: 0.000205 seconds.
  path: Assets/Packages/01_AssetStore/DoorPackFree/Meshes/Door001/V7/Aferar_13 - Default_SpecularSmoothness.png
  artifactKey: Guid(ed800070650b895418e86461fd5abc40) Importer(815301076,1909f56bfc062723c751e8b465ee728b)
Start importing Assets/Packages/01_AssetStore/DoorPackFree/Meshes/Door001/V7/Aferar_13 - Default_SpecularSmoothness.png using Guid(ed800070650b895418e86461fd5abc40) Importer(815301076,1909f56bfc062723c751e8b465ee728b)  -> (artifact id: 'a12735312fc8f70e1bfbb161c0486f1f') in 0.035501 seconds 
  Import took 0.038966 seconds .

========================================================================
Received Import Request.
  Time since last request: 0.000183 seconds.
  path: Assets/TextMesh Pro/Resources/Fonts & Materials/LiberationSans SDF - Fallback.asset
  artifactKey: Guid(2e498d1c8094910479dc3e1b768306a4) Importer(815301076,1909f56bfc062723c751e8b465ee728b)
Start importing Assets/TextMesh Pro/Resources/Fonts & Materials/LiberationSans SDF - Fallback.asset using Guid(2e498d1c8094910479dc3e1b768306a4) Importer(815301076,1909f56bfc062723c751e8b465ee728b)  -> (artifact id: '31178ce72c8a175f5e81e8b96c9fad57') in 0.070922 seconds 
  Import took 0.074673 seconds .

========================================================================
Received Import Request.
  Time since last request: 0.000173 seconds.
  path: Assets/Packages/01_AssetStore/DoorPackFree/Scenes/Demo/Lightmap-1_comp_light.exr
  artifactKey: Guid(7b5672ed77821cb4ab3b7ed1d9ffb27f) Importer(815301076,1909f56bfc062723c751e8b465ee728b)
Start importing Assets/Packages/01_AssetStore/DoorPackFree/Scenes/Demo/Lightmap-1_comp_light.exr using Guid(7b5672ed77821cb4ab3b7ed1d9ffb27f) Importer(815301076,1909f56bfc062723c751e8b465ee728b)  -> (artifact id: '62c8505c91e297a8170941574127c8f2') in 0.019052 seconds 
  Import took 0.022135 seconds .

========================================================================
Received Import Request.
  Time since last request: 0.000162 seconds.
  path: Assets/Packages/01_AssetStore/DoorPackFree/Meshes/Door001/V1/Aferar_13 - Default_SpecularSmoothness.png
  artifactKey: Guid(4f86f5849b7bb684ea823025aee879f0) Importer(815301076,1909f56bfc062723c751e8b465ee728b)
Start importing Assets/Packages/01_AssetStore/DoorPackFree/Meshes/Door001/V1/Aferar_13 - Default_SpecularSmoothness.png using Guid(4f86f5849b7bb684ea823025aee879f0) Importer(815301076,1909f56bfc062723c751e8b465ee728b)  -> (artifact id: '2a217847419080e17d52c25480f2410c') in 0.029485 seconds 
  Import took 0.032855 seconds .

========================================================================
Received Import Request.
  Time since last request: 0.000154 seconds.
  path: Assets/Materials/FloorTexture.jpg
  artifactKey: Guid(ccf08ff17ae7c9344a6b350fb80524d1) Importer(815301076,1909f56bfc062723c751e8b465ee728b)
Start importing Assets/Materials/FloorTexture.jpg using Guid(ccf08ff17ae7c9344a6b350fb80524d1) Importer(815301076,1909f56bfc062723c751e8b465ee728b)  -> (artifact id: 'aa9eb5eaa8ec0ffdbd737ff11451f881') in 0.047160 seconds 
  Import took 0.050273 seconds .

========================================================================
Received Import Request.
  Time since last request: 0.000165 seconds.
  path: Assets/Stylized Grass Texture/Textures/Vol_42_1_Height.png
  artifactKey: Guid(c24c005cb31b0514a85361709b63fa93) Importer(815301076,1909f56bfc062723c751e8b465ee728b)
Start importing Assets/Stylized Grass Texture/Textures/Vol_42_1_Height.png using Guid(c24c005cb31b0514a85361709b63fa93) Importer(815301076,1909f56bfc062723c751e8b465ee728b)  -> (artifact id: 'caff4f79a2f810ae29245b6e54f09755') in 0.040759 seconds 
  Import took 0.043882 seconds .

========================================================================
Received Import Request.
  Time since last request: 0.000160 seconds.
  path: Assets/Materials/FullWall.jpg
  artifactKey: Guid(80d16ed8d4d50c04c9160e3ebd070635) Importer(815301076,1909f56bfc062723c751e8b465ee728b)
Start importing Assets/Materials/FullWall.jpg using Guid(80d16ed8d4d50c04c9160e3ebd070635) Importer(815301076,1909f56bfc062723c751e8b465ee728b)  -> (artifact id: 'fb236d207654991027cfa477f7d2f56d') in 0.013489 seconds 
  Import took 0.016537 seconds .

========================================================================
Received Import Request.
  Time since last request: 0.000177 seconds.
  path: Assets/Packages/01_AssetStore/DoorPackFree/Meshes/Video intercom/Textures/V2/Aferar_01 - Default_Normal.png
  artifactKey: Guid(09e6479823478b7498ef88eac620c3bc) Importer(815301076,1909f56bfc062723c751e8b465ee728b)
Start importing Assets/Packages/01_AssetStore/DoorPackFree/Meshes/Video intercom/Textures/V2/Aferar_01 - Default_Normal.png using Guid(09e6479823478b7498ef88eac620c3bc) Importer(815301076,1909f56bfc062723c751e8b465ee728b)  -> (artifact id: '595ec6f2a4abf33c7f43997fbcdc8501') in 0.043106 seconds 
  Import took 0.046742 seconds .

========================================================================
Received Import Request.
  Time since last request: 0.000178 seconds.
  path: Assets/TextMesh Pro/Resources/Fonts & Materials/LiberationSans SDF.asset
  artifactKey: Guid(8f586378b4e144a9851e7b34d9b748ee) Importer(815301076,1909f56bfc062723c751e8b465ee728b)
Start importing Assets/TextMesh Pro/Resources/Fonts & Materials/LiberationSans SDF.asset using Guid(8f586378b4e144a9851e7b34d9b748ee) Importer(815301076,1909f56bfc062723c751e8b465ee728b)  -> (artifact id: '6effd02061b8a1e35de62f25af5d1fa1') in 0.034611 seconds 
  Import took 0.038471 seconds .

========================================================================
Received Import Request.
  Time since last request: 0.000149 seconds.
  path: Assets/Packages/Alstra Infinite/Vehicles LowPoly/Texture/Texture8x8.png
  artifactKey: Guid(b16e2a3763b56374ab285fbadfb8793c) Importer(815301076,1909f56bfc062723c751e8b465ee728b)
Start importing Assets/Packages/Alstra Infinite/Vehicles LowPoly/Texture/Texture8x8.png using Guid(b16e2a3763b56374ab285fbadfb8793c) Importer(815301076,1909f56bfc062723c751e8b465ee728b)  -> (artifact id: '4f664a298db78a4fb8f5fbe819fb929d') in 0.009208 seconds 
  Import took 0.012548 seconds .

========================================================================
Received Import Request.
  Time since last request: 0.000208 seconds.
  path: Assets/Stylized Grass Texture/Textures/Vol_42_1_Base_Color.png
  artifactKey: Guid(b900361e13e6eaa44963cb851faf3ed3) Importer(815301076,1909f56bfc062723c751e8b465ee728b)
Start importing Assets/Stylized Grass Texture/Textures/Vol_42_1_Base_Color.png using Guid(b900361e13e6eaa44963cb851faf3ed3) Importer(815301076,1909f56bfc062723c751e8b465ee728b)  -> (artifact id: '23f12fc1c7ec7f70f0d3da30cf82d771') in 0.039547 seconds 
  Import took 0.043199 seconds .

========================================================================
Received Import Request.
  Time since last request: 0.000172 seconds.
  path: Assets/Models/School Supplies/Models/Textures/pen_pencil_eraser_metallic.tga
  artifactKey: Guid(d291a63a41033e14ab5dd4dbffa04ce0) Importer(815301076,1909f56bfc062723c751e8b465ee728b)
Start importing Assets/Models/School Supplies/Models/Textures/pen_pencil_eraser_metallic.tga using Guid(d291a63a41033e14ab5dd4dbffa04ce0) Importer(815301076,1909f56bfc062723c751e8b465ee728b)  -> (artifact id: '485cfe389b3dec7667ea82685f66e392') in 0.014410 seconds 
  Import took 0.017822 seconds .

========================================================================
Received Import Request.
  Time since last request: 0.000175 seconds.
  path: Assets/Darth_Artisan/Free_Trees/Textures/tree_diffuse.png
  artifactKey: Guid(255283d354122406ebf8159c5ea35b7d) Importer(815301076,1909f56bfc062723c751e8b465ee728b)
Start importing Assets/Darth_Artisan/Free_Trees/Textures/tree_diffuse.png using Guid(255283d354122406ebf8159c5ea35b7d) Importer(815301076,1909f56bfc062723c751e8b465ee728b)  -> (artifact id: '806281eea4ec5d8c46c796bdfbf3e543') in 0.008912 seconds 
  Import took 0.011956 seconds .

========================================================================
Received Import Request.
  Time since last request: 0.000142 seconds.
  path: Assets/Packages/01_AssetStore/DoorPackFree/Meshes/Door001/V5/Aferar_13 - Default_AO.png
  artifactKey: Guid(bd22af204859c274e950d2a4e5ef4dfb) Importer(815301076,1909f56bfc062723c751e8b465ee728b)
Start importing Assets/Packages/01_AssetStore/DoorPackFree/Meshes/Door001/V5/Aferar_13 - Default_AO.png using Guid(bd22af204859c274e950d2a4e5ef4dfb) Importer(815301076,1909f56bfc062723c751e8b465ee728b)  -> (artifact id: 'bdcb7bdaa9098efb0e9a82fc2a284709') in 0.034710 seconds 
  Import took 0.037720 seconds .

========================================================================
Received Import Request.
  Time since last request: 0.000156 seconds.
  path: Assets/Packages/01_AssetStore/DoorPackFree/Scenes/Demo/ReflectionProbe-0.exr
  artifactKey: Guid(b2e787731846d2042955b7bc55da9630) Importer(815301076,1909f56bfc062723c751e8b465ee728b)
Start importing Assets/Packages/01_AssetStore/DoorPackFree/Scenes/Demo/ReflectionProbe-0.exr using Guid(b2e787731846d2042955b7bc55da9630) Importer(815301076,1909f56bfc062723c751e8b465ee728b)  -> (artifact id: '577e57dafd9c09b66e0a348a58052dcb') in 0.024616 seconds 
  Import took 0.027938 seconds .

========================================================================
Received Import Request.
  Time since last request: 0.000210 seconds.
  path: Assets/Packages/01_AssetStore/DoorPackFree/Scenes/FloorAO.png
  artifactKey: Guid(4a8770c8fe9a3f64d94ce3bc9d1817e8) Importer(815301076,1909f56bfc062723c751e8b465ee728b)
Start importing Assets/Packages/01_AssetStore/DoorPackFree/Scenes/FloorAO.png using Guid(4a8770c8fe9a3f64d94ce3bc9d1817e8) Importer(815301076,1909f56bfc062723c751e8b465ee728b)  -> (artifact id: '46104a9bf88e6ac7c22f8685dd699acc') in 0.038358 seconds 
  Import took 0.042029 seconds .

========================================================================
Received Import Request.
  Time since last request: 0.000153 seconds.
  path: Assets/Packages/01_AssetStore/DoorPackFree/Meshes/Door001/V7/Aferar_13 - Default_AlbedoTransparency.png
  artifactKey: Guid(5a6ce0321a333e445b92d1c0508bf246) Importer(815301076,1909f56bfc062723c751e8b465ee728b)
Start importing Assets/Packages/01_AssetStore/DoorPackFree/Meshes/Door001/V7/Aferar_13 - Default_AlbedoTransparency.png using Guid(5a6ce0321a333e445b92d1c0508bf246) Importer(815301076,1909f56bfc062723c751e8b465ee728b)  -> (artifact id: 'cb05071510a4e3f8d72c779cc033931c') in 0.033964 seconds 
  Import took 0.037073 seconds .

========================================================================
Received Import Request.
  Time since last request: 0.000160 seconds.
  path: Assets/Packages/01_AssetStore/DoorPackFree/Meshes/Door001/V5/Aferar_13 - Default_AlbedoTransparency.png
  artifactKey: Guid(8b8d88670764c144cb3ad65162664a8a) Importer(815301076,1909f56bfc062723c751e8b465ee728b)
Start importing Assets/Packages/01_AssetStore/DoorPackFree/Meshes/Door001/V5/Aferar_13 - Default_AlbedoTransparency.png using Guid(8b8d88670764c144cb3ad65162664a8a) Importer(815301076,1909f56bfc062723c751e8b465ee728b)  -> (artifact id: '46114fea0d289d4fc507ace34ae29020') in 0.031977 seconds 
  Import took 0.035188 seconds .

========================================================================
Received Import Request.
  Time since last request: 0.000192 seconds.
  path: Assets/Materials/PartWall.jpg
  artifactKey: Guid(950d5d109d390a248954553e536b0f6d) Importer(815301076,1909f56bfc062723c751e8b465ee728b)
Start importing Assets/Materials/PartWall.jpg using Guid(950d5d109d390a248954553e536b0f6d) Importer(815301076,1909f56bfc062723c751e8b465ee728b)  -> (artifact id: 'e71cf228aac8750a8fa3ca240ddabf7f') in 0.010936 seconds 
  Import took 0.014570 seconds .

========================================================================
Received Import Request.
  Time since last request: 0.000203 seconds.
  path: Assets/Stylized Grass Texture/Textures/Vol_42_1_Normal.png
  artifactKey: Guid(9e91cd5bde426714d9f0ef165f143d7c) Importer(815301076,1909f56bfc062723c751e8b465ee728b)
Start importing Assets/Stylized Grass Texture/Textures/Vol_42_1_Normal.png using Guid(9e91cd5bde426714d9f0ef165f143d7c) Importer(815301076,1909f56bfc062723c751e8b465ee728b)  -> (artifact id: '5f898af2357fc69972a6927e828d9128') in 0.044100 seconds 
  Import took 0.047699 seconds .

========================================================================
Received Import Request.
  Time since last request: 0.000143 seconds.
  path: Assets/Materials/WallPaintFull.jpg
  artifactKey: Guid(3c18d4a760e89cd44ab307ede1132ce2) Importer(815301076,1909f56bfc062723c751e8b465ee728b)
Start importing Assets/Materials/WallPaintFull.jpg using Guid(3c18d4a760e89cd44ab307ede1132ce2) Importer(815301076,1909f56bfc062723c751e8b465ee728b)  -> (artifact id: '9e052233da31f9793dbdf344faaff592') in 0.016653 seconds 
  Import took 0.019788 seconds .

========================================================================
Received Import Request.
  Time since last request: 0.000143 seconds.
  path: Assets/Packages/01_AssetStore/DoorPackFree/Meshes/Door001/V7/Aferar_13 - Default_AO.png
  artifactKey: Guid(49c6e799cd62caa4e9a3c482f5b1c996) Importer(815301076,1909f56bfc062723c751e8b465ee728b)
Start importing Assets/Packages/01_AssetStore/DoorPackFree/Meshes/Door001/V7/Aferar_13 - Default_AO.png using Guid(49c6e799cd62caa4e9a3c482f5b1c996) Importer(815301076,1909f56bfc062723c751e8b465ee728b)  -> (artifact id: '54832c89c037cdbc92c7d9a9994603ce') in 0.038702 seconds 
  Import took 0.041723 seconds .

========================================================================
Received Import Request.
  Time since last request: 0.000170 seconds.
  path: Assets/Materials/WallPaintPartial.jpg
  artifactKey: Guid(e1609c1d303d3914886fe6076b1411a0) Importer(815301076,1909f56bfc062723c751e8b465ee728b)
Start importing Assets/Materials/WallPaintPartial.jpg using Guid(e1609c1d303d3914886fe6076b1411a0) Importer(815301076,1909f56bfc062723c751e8b465ee728b)  -> (artifact id: '513ada37c3f533fc7ecbde1ab417c3ae') in 0.018558 seconds 
  Import took 0.021954 seconds .

========================================================================
Received Import Request.
  Time since last request: 0.000178 seconds.
  path: Assets/Packages/01_AssetStore/DoorPackFree/Scenes/Demo/Lightmap-0_comp_dir.png
  artifactKey: Guid(015029d2808821445b3b4faa32761c74) Importer(815301076,1909f56bfc062723c751e8b465ee728b)
Start importing Assets/Packages/01_AssetStore/DoorPackFree/Scenes/Demo/Lightmap-0_comp_dir.png using Guid(015029d2808821445b3b4faa32761c74) Importer(815301076,1909f56bfc062723c751e8b465ee728b)  -> (artifact id: '82a6a7a8ae7c491b87b261d21a0867c5') in 0.050979 seconds 
  Import took 0.054665 seconds .

========================================================================
Received Import Request.
  Time since last request: 0.000162 seconds.
  path: Assets/Packages/01_AssetStore/DoorPackFree/Meshes/Door001/V4/Aferar_13 - Default_Normal.png
  artifactKey: Guid(25cf6ea2bfee626498726d049b807b00) Importer(815301076,1909f56bfc062723c751e8b465ee728b)
Start importing Assets/Packages/01_AssetStore/DoorPackFree/Meshes/Door001/V4/Aferar_13 - Default_Normal.png using Guid(25cf6ea2bfee626498726d049b807b00) Importer(815301076,1909f56bfc062723c751e8b465ee728b)  -> (artifact id: 'f7d1e6cdf451df3dbde53b33cea9e371') in 0.040510 seconds 
  Import took 0.043849 seconds .

========================================================================
Received Import Request.
  Time since last request: 0.000181 seconds.
  path: Assets/Packages/01_AssetStore/DoorPackFree/Meshes/Door001/V1/Aferar_13 - Default_AlbedoTransparency.png
  artifactKey: Guid(ad1524073e0de5641bbe2930971f427b) Importer(815301076,1909f56bfc062723c751e8b465ee728b)
Start importing Assets/Packages/01_AssetStore/DoorPackFree/Meshes/Door001/V1/Aferar_13 - Default_AlbedoTransparency.png using Guid(ad1524073e0de5641bbe2930971f427b) Importer(815301076,1909f56bfc062723c751e8b465ee728b)  -> (artifact id: '4da3cb9a2f1c431606dadde98ee14946') in 0.027950 seconds 
  Import took 0.031022 seconds .

========================================================================
Received Import Request.
  Time since last request: 0.000159 seconds.
  path: Assets/Models/School Supplies/Models/Textures/notepad_metallic.tga
  artifactKey: Guid(336ee213cb4c5b742bc7953a2c8cfa7a) Importer(815301076,1909f56bfc062723c751e8b465ee728b)
Start importing Assets/Models/School Supplies/Models/Textures/notepad_metallic.tga using Guid(336ee213cb4c5b742bc7953a2c8cfa7a) Importer(815301076,1909f56bfc062723c751e8b465ee728b)  -> (artifact id: '7439b6d7adfa6609b16c8e9f779f5dfe') in 0.010681 seconds 
  Import took 0.013770 seconds .

========================================================================
Received Import Request.
  Time since last request: 0.000171 seconds.
  path: Assets/Packages/01_AssetStore/DoorPackFree/Meshes/Video intercom/Textures/V2/Aferar_01 - Default_AlbedoTransparency.png
  artifactKey: Guid(c2eace534e1967048bf8fdc65389e7d8) Importer(815301076,1909f56bfc062723c751e8b465ee728b)
Start importing Assets/Packages/01_AssetStore/DoorPackFree/Meshes/Video intercom/Textures/V2/Aferar_01 - Default_AlbedoTransparency.png using Guid(c2eace534e1967048bf8fdc65389e7d8) Importer(815301076,1909f56bfc062723c751e8b465ee728b)  -> (artifact id: '87399476ae150d1886dbf43efa33729f') in 0.031308 seconds 
  Import took 0.034776 seconds .

========================================================================
Received Import Request.
  Time since last request: 0.000185 seconds.
  path: Assets/Stylized Grass Texture/Textures/Vol_42_1_Ambient_Occlusion.png
  artifactKey: Guid(33ba5140ff8350742a9be1b79eeefd82) Importer(815301076,1909f56bfc062723c751e8b465ee728b)
Start importing Assets/Stylized Grass Texture/Textures/Vol_42_1_Ambient_Occlusion.png using Guid(33ba5140ff8350742a9be1b79eeefd82) Importer(815301076,1909f56bfc062723c751e8b465ee728b)  -> (artifact id: '241981c1bb32fafc57737fa79910c1d4') in 0.038996 seconds 
  Import took 0.042607 seconds .

========================================================================
Received Import Request.
  Time since last request: 0.000211 seconds.
  path: Assets/Packages/01_AssetStore/DoorPackFree/Meshes/Door001/V5/Aferar_13 - Default_SpecularSmoothness.png
  artifactKey: Guid(80c1f5cf297fd0c4e847cc853c2e7706) Importer(815301076,1909f56bfc062723c751e8b465ee728b)
Start importing Assets/Packages/01_AssetStore/DoorPackFree/Meshes/Door001/V5/Aferar_13 - Default_SpecularSmoothness.png using Guid(80c1f5cf297fd0c4e847cc853c2e7706) Importer(815301076,1909f56bfc062723c751e8b465ee728b)  -> (artifact id: '189d1dbd7b035b02bbd1fe9686138535') in 0.032836 seconds 
  Import took 0.036582 seconds .

========================================================================
Received Import Request.
  Time since last request: 0.000157 seconds.
  path: Assets/Packages/01_AssetStore/DoorPackFree/Scenes/Floor.png
  artifactKey: Guid(74f0f4be3cf5d10489f530c633adcdf7) Importer(815301076,1909f56bfc062723c751e8b465ee728b)
Start importing Assets/Packages/01_AssetStore/DoorPackFree/Scenes/Floor.png using Guid(74f0f4be3cf5d10489f530c633adcdf7) Importer(815301076,1909f56bfc062723c751e8b465ee728b)  -> (artifact id: 'fd87f832a5daeb2bcbbe68d5fa08ee6d') in 0.042516 seconds 
  Import took 0.045620 seconds .

========================================================================
Received Import Request.
  Time since last request: 0.000144 seconds.
  path: Assets/Packages/01_AssetStore/DoorPackFree/Meshes/Door001/V6/Aferar_13 - Default_AlbedoTransparency.png
  artifactKey: Guid(8cef63a95b416dc41bb52c34876cef8c) Importer(815301076,1909f56bfc062723c751e8b465ee728b)
Start importing Assets/Packages/01_AssetStore/DoorPackFree/Meshes/Door001/V6/Aferar_13 - Default_AlbedoTransparency.png using Guid(8cef63a95b416dc41bb52c34876cef8c) Importer(815301076,1909f56bfc062723c751e8b465ee728b)  -> (artifact id: 'ec699bb640d35360792b76cd3cfdf5b5') in 0.035129 seconds 
  Import took 0.038382 seconds .

========================================================================
Received Import Request.
  Time since last request: 0.000155 seconds.
  path: Assets/Packages/01_AssetStore/DoorPackFree/Scenes/Demo/Lightmap-0_comp_light.exr
  artifactKey: Guid(a8de4f8c08bdcc141b343aa3d9560176) Importer(815301076,1909f56bfc062723c751e8b465ee728b)
Start importing Assets/Packages/01_AssetStore/DoorPackFree/Scenes/Demo/Lightmap-0_comp_light.exr using Guid(a8de4f8c08bdcc141b343aa3d9560176) Importer(815301076,1909f56bfc062723c751e8b465ee728b)  -> (artifact id: '4d4bee836f081faabfb33a8ed3323673') in 0.034704 seconds 
  Import took 0.037924 seconds .

========================================================================
Received Import Request.
  Time since last request: 0.000177 seconds.
  path: Assets/Packages/01_AssetStore/DoorPackFree/Meshes/Door001/V3/Aferar_13 - Default_AO.png
  artifactKey: Guid(0c7b377794b944e49a654d8f410de1fb) Importer(815301076,1909f56bfc062723c751e8b465ee728b)
Start importing Assets/Packages/01_AssetStore/DoorPackFree/Meshes/Door001/V3/Aferar_13 - Default_AO.png using Guid(0c7b377794b944e49a654d8f410de1fb) Importer(815301076,1909f56bfc062723c751e8b465ee728b)  -> (artifact id: '603d7d1346135ccc6c07333dd8777c0f') in 0.018628 seconds 
  Import took 0.022217 seconds .

========================================================================
Received Import Request.
  Time since last request: 0.000174 seconds.
  path: Assets/Materials/Floor2.jpg
  artifactKey: Guid(ee6a0d34a3537dc409562c59feef8b1a) Importer(815301076,1909f56bfc062723c751e8b465ee728b)
Start importing Assets/Materials/Floor2.jpg using Guid(ee6a0d34a3537dc409562c59feef8b1a) Importer(815301076,1909f56bfc062723c751e8b465ee728b)  -> (artifact id: 'a3abd0459ead656937dd958acaa2271c') in 0.016450 seconds 
  Import took 0.020061 seconds .

========================================================================
Received Import Request.
  Time since last request: 0.000224 seconds.
  path: Assets/Packages/01_AssetStore/DoorPackFree/Meshes/Door001/V4/Aferar_13 - Default_AO.png
  artifactKey: Guid(f46c2010e4a65de44aa05e7a78cec7b0) Importer(815301076,1909f56bfc062723c751e8b465ee728b)
Start importing Assets/Packages/01_AssetStore/DoorPackFree/Meshes/Door001/V4/Aferar_13 - Default_AO.png using Guid(f46c2010e4a65de44aa05e7a78cec7b0) Importer(815301076,1909f56bfc062723c751e8b465ee728b)  -> (artifact id: 'e6b079fc2438364fd57d5c2eb43a5172') in 0.021216 seconds 
  Import took 0.025122 seconds .

========================================================================
Received Import Request.
  Time since last request: 0.000154 seconds.
  path: Assets/TextMesh Pro/Sprites/EmojiOne.png
  artifactKey: Guid(dffef66376be4fa480fb02b19edbe903) Importer(815301076,1909f56bfc062723c751e8b465ee728b)
Start importing Assets/TextMesh Pro/Sprites/EmojiOne.png using Guid(dffef66376be4fa480fb02b19edbe903) Importer(815301076,1909f56bfc062723c751e8b465ee728b)  -> (artifact id: '6f4e4248f0f8ca1808468ea6633f9650') in 0.012273 seconds 
  Import took 0.015432 seconds .

========================================================================
Received Import Request.
  Time since last request: 0.000233 seconds.
  path: Assets/Packages/01_AssetStore/DoorPackFree/Meshes/Video intercom/Textures/V1/Aferar_01 - Default_SpecularSmoothness.png
  artifactKey: Guid(6a642236548117b4ebe108d79a2e96af) Importer(815301076,1909f56bfc062723c751e8b465ee728b)
Start importing Assets/Packages/01_AssetStore/DoorPackFree/Meshes/Video intercom/Textures/V1/Aferar_01 - Default_SpecularSmoothness.png using Guid(6a642236548117b4ebe108d79a2e96af) Importer(815301076,1909f56bfc062723c751e8b465ee728b)  -> (artifact id: '95bd31a6ea13ce29c0172dbf3c3410d0') in 0.019133 seconds 
  Import took 0.022929 seconds .

========================================================================
Received Import Request.
  Time since last request: 0.000237 seconds.
  path: Assets/Packages/01_AssetStore/DoorPackFree/Meshes/Door001/V3/Aferar_13 - Default_SpecularSmoothness.png
  artifactKey: Guid(f36e85f9557552f43a217816965c8fda) Importer(815301076,1909f56bfc062723c751e8b465ee728b)
Start importing Assets/Packages/01_AssetStore/DoorPackFree/Meshes/Door001/V3/Aferar_13 - Default_SpecularSmoothness.png using Guid(f36e85f9557552f43a217816965c8fda) Importer(815301076,1909f56bfc062723c751e8b465ee728b)  -> (artifact id: '52a0dd592d4f6e73183035d44f3be08c') in 0.033248 seconds 
  Import took 0.036785 seconds .

========================================================================
Received Import Request.
  Time since last request: 0.000199 seconds.
  path: Assets/Packages/01_AssetStore/DoorPackFree/Meshes/Door001/V7/Aferar_13 - Default_Normal.png
  artifactKey: Guid(030c4c619d224ab438e38b06e20193c2) Importer(815301076,1909f56bfc062723c751e8b465ee728b)
Start importing Assets/Packages/01_AssetStore/DoorPackFree/Meshes/Door001/V7/Aferar_13 - Default_Normal.png using Guid(030c4c619d224ab438e38b06e20193c2) Importer(815301076,1909f56bfc062723c751e8b465ee728b)  -> (artifact id: '68417da6cb13774039eb923a63b2c513') in 0.036469 seconds 
  Import took 0.040054 seconds .

========================================================================
Received Import Request.
  Time since last request: 0.000150 seconds.
  path: Assets/Packages/01_AssetStore/DoorPackFree/Meshes/Video intercom/Textures/V1/Aferar_01 - Default_Normal.png
  artifactKey: Guid(ad2bbb2667991d949a922f78a57aecde) Importer(815301076,1909f56bfc062723c751e8b465ee728b)
Start importing Assets/Packages/01_AssetStore/DoorPackFree/Meshes/Video intercom/Textures/V1/Aferar_01 - Default_Normal.png using Guid(ad2bbb2667991d949a922f78a57aecde) Importer(815301076,1909f56bfc062723c751e8b465ee728b)  -> (artifact id: 'da2fbd0cb403d320c1f6cbef0fd8c2a0') in 0.036587 seconds 
  Import took 0.040046 seconds .

========================================================================
Received Import Request.
  Time since last request: 0.000153 seconds.
  path: Assets/Packages/01_AssetStore/DoorPackFree/Scenes/Demo/ReflectionProbe-1.exr
  artifactKey: Guid(40a227f451ff05643921346a4b8266e9) Importer(815301076,1909f56bfc062723c751e8b465ee728b)
Start importing Assets/Packages/01_AssetStore/DoorPackFree/Scenes/Demo/ReflectionProbe-1.exr using Guid(40a227f451ff05643921346a4b8266e9) Importer(815301076,1909f56bfc062723c751e8b465ee728b)  -> (artifact id: 'cc58b17a5c8b1c029a6599562e073e7b') in 0.015294 seconds 
  Import took 0.018828 seconds .

========================================================================
Received Import Request.
  Time since last request: 0.000207 seconds.
  path: Assets/Packages/01_AssetStore/DoorPackFree/Meshes/Door001/V2/Aferar_13 - Default_SpecularSmoothness.png
  artifactKey: Guid(a703548941a513a4b9d01a9b3640fd4a) Importer(815301076,1909f56bfc062723c751e8b465ee728b)
Start importing Assets/Packages/01_AssetStore/DoorPackFree/Meshes/Door001/V2/Aferar_13 - Default_SpecularSmoothness.png using Guid(a703548941a513a4b9d01a9b3640fd4a) Importer(815301076,1909f56bfc062723c751e8b465ee728b)  -> (artifact id: '107f4cd495589001ce2fd88e76d077f1') in 0.022273 seconds 
  Import took 0.025973 seconds .

========================================================================
Received Import Request.
  Time since last request: 0.000175 seconds.
  path: Assets/Packages/01_AssetStore/DoorPackFree/Meshes/Door001/V4/Aferar_13 - Default_AlbedoTransparency.png
  artifactKey: Guid(2bad03565f7a6864bb97ed2dc7d04dae) Importer(815301076,1909f56bfc062723c751e8b465ee728b)
Start importing Assets/Packages/01_AssetStore/DoorPackFree/Meshes/Door001/V4/Aferar_13 - Default_AlbedoTransparency.png using Guid(2bad03565f7a6864bb97ed2dc7d04dae) Importer(815301076,1909f56bfc062723c751e8b465ee728b)  -> (artifact id: 'fadaf558f7cb04a865a6a2bacd51d917') in 0.030862 seconds 
  Import took 0.034460 seconds .

========================================================================
Received Import Request.
  Time since last request: 0.000154 seconds.
  path: Assets/Packages/01_AssetStore/DoorPackFree/Meshes/Video intercom/Textures/V1/Aferar_01 - Default_AlbedoTransparency.png
  artifactKey: Guid(42c96235f6565cf44abc098d6d3baf75) Importer(815301076,1909f56bfc062723c751e8b465ee728b)
Start importing Assets/Packages/01_AssetStore/DoorPackFree/Meshes/Video intercom/Textures/V1/Aferar_01 - Default_AlbedoTransparency.png using Guid(42c96235f6565cf44abc098d6d3baf75) Importer(815301076,1909f56bfc062723c751e8b465ee728b)  -> (artifact id: '748cd2dca764025b0347896357e137fc') in 0.023187 seconds 
  Import took 0.026522 seconds .

========================================================================
Received Import Request.
  Time since last request: 0.000167 seconds.
  path: Assets/Models/School Supplies/Models/Textures/pen_pencil_eraser.tga
  artifactKey: Guid(92bb03973ac23b549ac2d7390fa5a2cf) Importer(815301076,1909f56bfc062723c751e8b465ee728b)
Start importing Assets/Models/School Supplies/Models/Textures/pen_pencil_eraser.tga using Guid(92bb03973ac23b549ac2d7390fa5a2cf) Importer(815301076,1909f56bfc062723c751e8b465ee728b)  -> (artifact id: '8ee837ad9a77c8021248b6f742ac322d') in 0.009902 seconds 
  Import took 0.013153 seconds .

========================================================================
Received Import Request.
  Time since last request: 0.000290 seconds.
  path: Assets/Packages/01_AssetStore/DoorPackFree/Meshes/Door001/V1/Aferar_13 - Default_Normal.png
  artifactKey: Guid(bd2b1ecd87a65b34b8896ba687902cff) Importer(815301076,1909f56bfc062723c751e8b465ee728b)
Start importing Assets/Packages/01_AssetStore/DoorPackFree/Meshes/Door001/V1/Aferar_13 - Default_Normal.png using Guid(bd2b1ecd87a65b34b8896ba687902cff) Importer(815301076,1909f56bfc062723c751e8b465ee728b)  -> (artifact id: 'c6655168679241d1d6ae3cbe3c7b71f8') in 0.037007 seconds 
  Import took 0.040531 seconds .

========================================================================
Received Import Request.
  Time since last request: 0.000146 seconds.
  path: Assets/Models/School Supplies/Models/Textures/notepad.tga
  artifactKey: Guid(6181e5935b089d74ab03f4f2542dba85) Importer(815301076,1909f56bfc062723c751e8b465ee728b)
Start importing Assets/Models/School Supplies/Models/Textures/notepad.tga using Guid(6181e5935b089d74ab03f4f2542dba85) Importer(815301076,1909f56bfc062723c751e8b465ee728b)  -> (artifact id: '2c22a584e87068560763a3167d6822d3') in 0.011382 seconds 
  Import took 0.014490 seconds .

========================================================================
Received Import Request.
  Time since last request: 0.000186 seconds.
  path: Assets/Packages/01_AssetStore/DoorPackFree/Meshes/Door001/V1/Aferar_13 - Default_AO.png
  artifactKey: Guid(c1eb8cf5ed7dc6c4eaefcfc343ad8755) Importer(815301076,1909f56bfc062723c751e8b465ee728b)
Start importing Assets/Packages/01_AssetStore/DoorPackFree/Meshes/Door001/V1/Aferar_13 - Default_AO.png using Guid(c1eb8cf5ed7dc6c4eaefcfc343ad8755) Importer(815301076,1909f56bfc062723c751e8b465ee728b)  -> (artifact id: '0a50475cf550a883fd4e90227e343fe1') in 0.021022 seconds 
  Import took 0.024378 seconds .

========================================================================
Received Import Request.
  Time since last request: 0.000166 seconds.
  path: Assets/Packages/01_AssetStore/DoorPackFree/Meshes/Door001/V3/Aferar_13 - Default_AlbedoTransparency.png
  artifactKey: Guid(d1121a1458949b341967a096552d4fc6) Importer(815301076,1909f56bfc062723c751e8b465ee728b)
Start importing Assets/Packages/01_AssetStore/DoorPackFree/Meshes/Door001/V3/Aferar_13 - Default_AlbedoTransparency.png using Guid(d1121a1458949b341967a096552d4fc6) Importer(815301076,1909f56bfc062723c751e8b465ee728b)  -> (artifact id: 'fb9b8633d752c290a16d7bc5eca1f992') in 0.030118 seconds 
  Import took 0.033369 seconds .

========================================================================
Received Import Request.
  Time since last request: 0.000153 seconds.
  path: Assets/Packages/01_AssetStore/DoorPackFree/Meshes/Video intercom/Textures/V2/Aferar_01 - Default_AO.png
  artifactKey: Guid(188ef17cbc7cb864c8f826ab6b04129f) Importer(815301076,1909f56bfc062723c751e8b465ee728b)
Start importing Assets/Packages/01_AssetStore/DoorPackFree/Meshes/Video intercom/Textures/V2/Aferar_01 - Default_AO.png using Guid(188ef17cbc7cb864c8f826ab6b04129f) Importer(815301076,1909f56bfc062723c751e8b465ee728b)  -> (artifact id: 'd5cfcd25447f8a41dbc6b5bdb663cf27') in 0.019216 seconds 
  Import took 0.022277 seconds .

========================================================================
Received Prepare
Registering precompiled user dll's ...
Registered in 0.010742 seconds.
Begin MonoManager ReloadAssembly
Native extension for WindowsStandalone target not found
Refreshing native plugins compatible for Editor in 0.95 ms, found 17 plugins.
Preloading 2 native plugins for Editor in 0.13 ms.
System.Reflection.TargetInvocationException: Exception has been thrown by the target of an invocation. ---> System.NullReferenceException: Object reference not set to an instance of an object
  at Unity.XR.Oculus.OculusLoader.AssetPathToAbsolutePath (System.String assetPath) [0x00048] in C:\Users\Bar\Documents\GitHub\VR-Classroom\VirtaulClassroom\Library\PackageCache\com.unity.xr.oculus@1.10.0\Runtime\OculusLoader.cs:250 
  at Unity.XR.Oculus.OculusLoader.EditorLoadOVRPlugin () [0x0007b] in C:\Users\Bar\Documents\GitHub\VR-Classroom\VirtaulClassroom\Library\PackageCache\com.unity.xr.oculus@1.10.0\Runtime\OculusLoader.cs:235 
  at (wrapper managed-to-native) System.Reflection.MonoMethod.InternalInvoke(System.Reflection.MonoMethod,object,object[],System.Exception&)
  at System.Reflection.MonoMethod.Invoke (System.Object obj, System.Reflection.BindingFlags invokeAttr, System.Reflection.Binder binder, System.Object[] parameters, System.Globalization.CultureInfo culture) [0x00032] in <695d1cc93cca45069c528c15c9fdd749>:0 
   --- End of inner exception stack trace ---
  at System.Reflection.MonoMethod.Invoke (System.Object obj, System.Reflection.BindingFlags invokeAttr, System.Reflection.Binder binder, System.Object[] parameters, System.Globalization.CultureInfo culture) [0x00048] in <695d1cc93cca45069c528c15c9fdd749>:0 
  at System.Reflection.MethodBase.Invoke (System.Object obj, System.Object[] parameters) [0x00000] in <695d1cc93cca45069c528c15c9fdd749>:0 
  at UnityEditor.EditorAssemblies.ProcessInitializeOnLoadMethodAttributes () [0x00047] in <208f92fc783546f9abbe643bfc23920c>:0 
UnityEngine.StackTraceUtility:ExtractStackTrace ()
UnityEngine.DebugLogHandler:LogFormat (UnityEngine.LogType,UnityEngine.Object,string,object[])
UnityEngine.Logger:Log (UnityEngine.LogType,object)
UnityEngine.Debug:LogError (object)
UnityEditor.EditorAssemblies:ProcessInitializeOnLoadMethodAttributes ()

Mono: successfully reloaded assembly
- Completed reload, in  0.946 seconds
Domain Reload Profiling:
	ReloadAssembly (947ms)
		BeginReloadAssembly (114ms)
			ExecutionOrderSort (0ms)
			DisableScriptedObjects (4ms)
			BackupInstance (0ms)
			ReleaseScriptingObjects (0ms)
			CreateAndSetChildDomain (31ms)
		EndReloadAssembly (776ms)
			LoadAssemblies (79ms)
			RebuildTransferFunctionScriptingTraits (0ms)
			SetupTypeCache (253ms)
			ReleaseScriptCaches (1ms)
			RebuildScriptCaches (35ms)
			SetupLoadedEditorAssemblies (293ms)
				LogAssemblyErrors (0ms)
				InitializePlatformSupportModulesInManaged (3ms)
				SetLoadedEditorAssemblies (0ms)
				RefreshPlugins (1ms)
				BeforeProcessingInitializeOnLoad (55ms)
				ProcessInitializeOnLoadAttributes (213ms)
				ProcessInitializeOnLoadMethodAttributes (15ms)
				AfterProcessingInitializeOnLoad (5ms)
				EditorAssembliesLoaded (0ms)
			ExecutionOrderSort2 (0ms)
			AwakeInstancesAfterBackupRestoration (6ms)
Platform modules already initialized, skipping
Switching build target platform(19) subTarget(0) extendedPlatform(0) -> platform(13) subTarget(524294) extendedPlatform(0)
Refreshing native plugins compatible for Editor in 0.95 ms, found 17 plugins.
Preloading 2 native plugins for Editor in 0.13 ms.
Unloading 2498 Unused Serialized files (Serialized files now loaded: 0)
System memory in use before: 108.5 MB.
System memory in use after: 108.7 MB.

Unloading 35 unused Assets to reduce memory usage. Loaded Objects now: 3057.
Total: 3.142900 ms (FindLiveObjects: 0.252400 ms CreateObjectMapping: 0.070600 ms MarkObjects: 2.798900 ms  DeleteObjects: 0.020400 ms)

AssetImportParameters requested are different than current active one (requested -> active):
  custom:framework-win-MediaFoundation: 216162199b28c13a410421893ffa2e32 -> 
  custom:video-decoder-ogg-theora: a1e56fd34408186e4bbccfd4996cb3dc -> 
  custom:container-muxer-webm: aa71ff27fc2769a1b78a27578f13a17b -> 
  custom:container-demuxer-webm: 4f35f7cbe854078d1ac9338744f61a02 -> 
  custom:container-demuxer-ogg: 62fdf1f143b41e24485cea50d1cbac27 -> 
  custom:video-encoder-webm-vp8: eb34c28f22e8b96e1ab97ce403110664 -> 
  custom:video-decoder-webm-vp8: 9c59270c3fd7afecdb556c50c9e8de78 -> 
  custom:graphics/normal-map-encoding: 01000000000000000000000000000000 -> 02000000000000000000000000000000
  custom:audio-decoder-ogg-vorbis: bf7c407c2cedff20999df2af8eb42d56 -> 
  custom:audio-encoder-webm-vorbis: bf7c407c2cedff20999df2af8eb42d56 -> 
========================================================================
Received Import Request.
  Time since last request: 243.553497 seconds.
  path: Assets/Scripts/New Lighting Settings.lighting
  artifactKey: Guid(66e2f071c37e3cd4ca3163b7111beccc) Importer(815301076,1909f56bfc062723c751e8b465ee728b)
Start importing Assets/Scripts/New Lighting Settings.lighting using Guid(66e2f071c37e3cd4ca3163b7111beccc) Importer(815301076,1909f56bfc062723c751e8b465ee728b)  -> (artifact id: '73923dda34daca2d7d43ac2761a14ed2') in 0.019053 seconds 
  Import took 0.023161 seconds .

========================================================================
Received Prepare
Registering precompiled user dll's ...
Registered in 0.011459 seconds.
Begin MonoManager ReloadAssembly
Native extension for WindowsStandalone target not found
Refreshing native plugins compatible for Editor in 0.99 ms, found 17 plugins.
Preloading 2 native plugins for Editor in 0.13 ms.
System.Reflection.TargetInvocationException: Exception has been thrown by the target of an invocation. ---> System.NullReferenceException: Object reference not set to an instance of an object
  at Unity.XR.Oculus.OculusLoader.AssetPathToAbsolutePath (System.String assetPath) [0x00048] in C:\Users\Bar\Documents\GitHub\VR-Classroom\VirtaulClassroom\Library\PackageCache\com.unity.xr.oculus@1.10.0\Runtime\OculusLoader.cs:250 
  at Unity.XR.Oculus.OculusLoader.EditorLoadOVRPlugin () [0x0007b] in C:\Users\Bar\Documents\GitHub\VR-Classroom\VirtaulClassroom\Library\PackageCache\com.unity.xr.oculus@1.10.0\Runtime\OculusLoader.cs:235 
  at (wrapper managed-to-native) System.Reflection.MonoMethod.InternalInvoke(System.Reflection.MonoMethod,object,object[],System.Exception&)
  at System.Reflection.MonoMethod.Invoke (System.Object obj, System.Reflection.BindingFlags invokeAttr, System.Reflection.Binder binder, System.Object[] parameters, System.Globalization.CultureInfo culture) [0x00032] in <695d1cc93cca45069c528c15c9fdd749>:0 
   --- End of inner exception stack trace ---
  at System.Reflection.MonoMethod.Invoke (System.Object obj, System.Reflection.BindingFlags invokeAttr, System.Reflection.Binder binder, System.Object[] parameters, System.Globalization.CultureInfo culture) [0x00048] in <695d1cc93cca45069c528c15c9fdd749>:0 
  at System.Reflection.MethodBase.Invoke (System.Object obj, System.Object[] parameters) [0x00000] in <695d1cc93cca45069c528c15c9fdd749>:0 
  at UnityEditor.EditorAssemblies.ProcessInitializeOnLoadMethodAttributes () [0x00047] in <208f92fc783546f9abbe643bfc23920c>:0 
UnityEngine.StackTraceUtility:ExtractStackTrace ()
UnityEngine.DebugLogHandler:LogFormat (UnityEngine.LogType,UnityEngine.Object,string,object[])
UnityEngine.Logger:Log (UnityEngine.LogType,object)
UnityEngine.Debug:LogError (object)
UnityEditor.EditorAssemblies:ProcessInitializeOnLoadMethodAttributes ()

Mono: successfully reloaded assembly
- Completed reload, in  0.936 seconds
Domain Reload Profiling:
	ReloadAssembly (936ms)
		BeginReloadAssembly (102ms)
			ExecutionOrderSort (0ms)
			DisableScriptedObjects (4ms)
			BackupInstance (0ms)
			ReleaseScriptingObjects (0ms)
			CreateAndSetChildDomain (30ms)
		EndReloadAssembly (777ms)
			LoadAssemblies (80ms)
			RebuildTransferFunctionScriptingTraits (0ms)
			SetupTypeCache (254ms)
			ReleaseScriptCaches (1ms)
			RebuildScriptCaches (34ms)
			SetupLoadedEditorAssemblies (291ms)
				LogAssemblyErrors (0ms)
				InitializePlatformSupportModulesInManaged (3ms)
				SetLoadedEditorAssemblies (0ms)
				RefreshPlugins (1ms)
				BeforeProcessingInitializeOnLoad (54ms)
				ProcessInitializeOnLoadAttributes (211ms)
				ProcessInitializeOnLoadMethodAttributes (15ms)
				AfterProcessingInitializeOnLoad (5ms)
				EditorAssembliesLoaded (0ms)
			ExecutionOrderSort2 (0ms)
			AwakeInstancesAfterBackupRestoration (6ms)
Platform modules already initialized, skipping
Switching build target platform(19) subTarget(0) extendedPlatform(0) -> platform(13) subTarget(524294) extendedPlatform(0)
Refreshing native plugins compatible for Editor in 0.95 ms, found 17 plugins.
Preloading 2 native plugins for Editor in 0.12 ms.
Unloading 2498 Unused Serialized files (Serialized files now loaded: 0)
System memory in use before: 108.5 MB.
System memory in use after: 108.7 MB.

Unloading 35 unused Assets to reduce memory usage. Loaded Objects now: 3060.
Total: 3.309600 ms (FindLiveObjects: 0.261300 ms CreateObjectMapping: 0.072500 ms MarkObjects: 2.953000 ms  DeleteObjects: 0.021800 ms)

AssetImportParameters requested are different than current active one (requested -> active):
  custom:framework-win-MediaFoundation: 216162199b28c13a410421893ffa2e32 -> 
  custom:video-decoder-ogg-theora: a1e56fd34408186e4bbccfd4996cb3dc -> 
  custom:container-muxer-webm: aa71ff27fc2769a1b78a27578f13a17b -> 
  custom:container-demuxer-webm: 4f35f7cbe854078d1ac9338744f61a02 -> 
  custom:container-demuxer-ogg: 62fdf1f143b41e24485cea50d1cbac27 -> 
  custom:video-encoder-webm-vp8: eb34c28f22e8b96e1ab97ce403110664 -> 
  custom:video-decoder-webm-vp8: 9c59270c3fd7afecdb556c50c9e8de78 -> 
  custom:graphics/normal-map-encoding: 01000000000000000000000000000000 -> 02000000000000000000000000000000
  custom:audio-decoder-ogg-vorbis: bf7c407c2cedff20999df2af8eb42d56 -> 
  custom:audio-encoder-webm-vorbis: bf7c407c2cedff20999df2af8eb42d56 -> 
========================================================================
Received Prepare
Refreshing native plugins compatible for Editor in 31.77 ms, found 17 plugins.
Preloading 2 native plugins for Editor in 0.17 ms.
Unloading 32 Unused Serialized files (Serialized files now loaded: 0)
System memory in use before: 60.1 MB.
System memory in use after: 60.3 MB.

Unloading 32 unused Assets to reduce memory usage. Loaded Objects now: 3060.
Total: 108.846700 ms (FindLiveObjects: 0.838300 ms CreateObjectMapping: 0.088100 ms MarkObjects: 107.765000 ms  DeleteObjects: 0.153400 ms)

AssetImportParameters requested are different than current active one (requested -> active):
  custom:framework-win-MediaFoundation: 216162199b28c13a410421893ffa2e32 -> 
  custom:video-decoder-ogg-theora: a1e56fd34408186e4bbccfd4996cb3dc -> 
  custom:container-muxer-webm: aa71ff27fc2769a1b78a27578f13a17b -> 
  custom:container-demuxer-webm: 4f35f7cbe854078d1ac9338744f61a02 -> 
  custom:container-demuxer-ogg: 62fdf1f143b41e24485cea50d1cbac27 -> 
  custom:video-encoder-webm-vp8: eb34c28f22e8b96e1ab97ce403110664 -> 
  custom:video-decoder-webm-vp8: 9c59270c3fd7afecdb556c50c9e8de78 -> 
  custom:audio-decoder-ogg-vorbis: bf7c407c2cedff20999df2af8eb42d56 -> 
  custom:audio-encoder-webm-vorbis: bf7c407c2cedff20999df2af8eb42d56 -> 
========================================================================
Received Prepare
Registering precompiled user dll's ...
Registered in 0.011338 seconds.
Begin MonoManager ReloadAssembly
Native extension for WindowsStandalone target not found
Refreshing native plugins compatible for Editor in 0.95 ms, found 17 plugins.
Preloading 2 native plugins for Editor in 0.13 ms.
System.Reflection.TargetInvocationException: Exception has been thrown by the target of an invocation. ---> System.NullReferenceException: Object reference not set to an instance of an object
  at Unity.XR.Oculus.OculusLoader.AssetPathToAbsolutePath (System.String assetPath) [0x00048] in C:\Users\Bar\Documents\GitHub\VR-Classroom\VirtaulClassroom\Library\PackageCache\com.unity.xr.oculus@1.10.0\Runtime\OculusLoader.cs:250 
  at Unity.XR.Oculus.OculusLoader.EditorLoadOVRPlugin () [0x0007b] in C:\Users\Bar\Documents\GitHub\VR-Classroom\VirtaulClassroom\Library\PackageCache\com.unity.xr.oculus@1.10.0\Runtime\OculusLoader.cs:235 
  at (wrapper managed-to-native) System.Reflection.MonoMethod.InternalInvoke(System.Reflection.MonoMethod,object,object[],System.Exception&)
  at System.Reflection.MonoMethod.Invoke (System.Object obj, System.Reflection.BindingFlags invokeAttr, System.Reflection.Binder binder, System.Object[] parameters, System.Globalization.CultureInfo culture) [0x00032] in <695d1cc93cca45069c528c15c9fdd749>:0 
   --- End of inner exception stack trace ---
  at System.Reflection.MonoMethod.Invoke (System.Object obj, System.Reflection.BindingFlags invokeAttr, System.Reflection.Binder binder, System.Object[] parameters, System.Globalization.CultureInfo culture) [0x00048] in <695d1cc93cca45069c528c15c9fdd749>:0 
  at System.Reflection.MethodBase.Invoke (System.Object obj, System.Object[] parameters) [0x00000] in <695d1cc93cca45069c528c15c9fdd749>:0 
  at UnityEditor.EditorAssemblies.ProcessInitializeOnLoadMethodAttributes () [0x00047] in <208f92fc783546f9abbe643bfc23920c>:0 
UnityEngine.StackTraceUtility:ExtractStackTrace ()
UnityEngine.DebugLogHandler:LogFormat (UnityEngine.LogType,UnityEngine.Object,string,object[])
UnityEngine.Logger:Log (UnityEngine.LogType,object)
UnityEngine.Debug:LogError (object)
UnityEditor.EditorAssemblies:ProcessInitializeOnLoadMethodAttributes ()

Mono: successfully reloaded assembly
- Completed reload, in  1.036 seconds
Domain Reload Profiling:
	ReloadAssembly (1038ms)
		BeginReloadAssembly (170ms)
			ExecutionOrderSort (0ms)
			DisableScriptedObjects (12ms)
			BackupInstance (0ms)
			ReleaseScriptingObjects (0ms)
			CreateAndSetChildDomain (77ms)
		EndReloadAssembly (806ms)
			LoadAssemblies (94ms)
			RebuildTransferFunctionScriptingTraits (0ms)
			SetupTypeCache (259ms)
			ReleaseScriptCaches (1ms)
			RebuildScriptCaches (35ms)
			SetupLoadedEditorAssemblies (293ms)
				LogAssemblyErrors (0ms)
				InitializePlatformSupportModulesInManaged (4ms)
				SetLoadedEditorAssemblies (0ms)
				RefreshPlugins (1ms)
				BeforeProcessingInitializeOnLoad (55ms)
				ProcessInitializeOnLoadAttributes (212ms)
				ProcessInitializeOnLoadMethodAttributes (15ms)
				AfterProcessingInitializeOnLoad (5ms)
				EditorAssembliesLoaded (0ms)
			ExecutionOrderSort2 (0ms)
			AwakeInstancesAfterBackupRestoration (6ms)
Platform modules already initialized, skipping
Switching build target platform(19) subTarget(0) extendedPlatform(0) -> platform(13) subTarget(524294) extendedPlatform(0)
Refreshing native plugins compatible for Editor in 0.96 ms, found 17 plugins.
Preloading 2 native plugins for Editor in 0.12 ms.
Unloading 2498 Unused Serialized files (Serialized files now loaded: 0)
System memory in use before: 108.6 MB.
System memory in use after: 108.8 MB.

Unloading 35 unused Assets to reduce memory usage. Loaded Objects now: 3063.
Total: 3.198900 ms (FindLiveObjects: 0.243500 ms CreateObjectMapping: 0.070500 ms MarkObjects: 2.865600 ms  DeleteObjects: 0.018400 ms)

AssetImportParameters requested are different than current active one (requested -> active):
  custom:framework-win-MediaFoundation: 216162199b28c13a410421893ffa2e32 -> 
  custom:video-decoder-ogg-theora: a1e56fd34408186e4bbccfd4996cb3dc -> 
  custom:container-muxer-webm: aa71ff27fc2769a1b78a27578f13a17b -> 
  custom:container-demuxer-webm: 4f35f7cbe854078d1ac9338744f61a02 -> 
  custom:container-demuxer-ogg: 62fdf1f143b41e24485cea50d1cbac27 -> 
  custom:video-encoder-webm-vp8: eb34c28f22e8b96e1ab97ce403110664 -> 
  custom:video-decoder-webm-vp8: 9c59270c3fd7afecdb556c50c9e8de78 -> 
  custom:graphics/normal-map-encoding: 01000000000000000000000000000000 -> 02000000000000000000000000000000
  custom:audio-decoder-ogg-vorbis: bf7c407c2cedff20999df2af8eb42d56 -> 
  custom:audio-encoder-webm-vorbis: bf7c407c2cedff20999df2af8eb42d56 -> 
========================================================================
Received Prepare
Registering precompiled user dll's ...
Registered in 0.010612 seconds.
Begin MonoManager ReloadAssembly
Native extension for WindowsStandalone target not found
Refreshing native plugins compatible for Editor in 0.98 ms, found 17 plugins.
Preloading 2 native plugins for Editor in 0.13 ms.
System.Reflection.TargetInvocationException: Exception has been thrown by the target of an invocation. ---> System.NullReferenceException: Object reference not set to an instance of an object
  at Unity.XR.Oculus.OculusLoader.AssetPathToAbsolutePath (System.String assetPath) [0x00048] in C:\Users\Bar\Documents\GitHub\VR-Classroom\VirtaulClassroom\Library\PackageCache\com.unity.xr.oculus@1.10.0\Runtime\OculusLoader.cs:250 
  at Unity.XR.Oculus.OculusLoader.EditorLoadOVRPlugin () [0x0007b] in C:\Users\Bar\Documents\GitHub\VR-Classroom\VirtaulClassroom\Library\PackageCache\com.unity.xr.oculus@1.10.0\Runtime\OculusLoader.cs:235 
  at (wrapper managed-to-native) System.Reflection.MonoMethod.InternalInvoke(System.Reflection.MonoMethod,object,object[],System.Exception&)
  at System.Reflection.MonoMethod.Invoke (System.Object obj, System.Reflection.BindingFlags invokeAttr, System.Reflection.Binder binder, System.Object[] parameters, System.Globalization.CultureInfo culture) [0x00032] in <695d1cc93cca45069c528c15c9fdd749>:0 
   --- End of inner exception stack trace ---
  at System.Reflection.MonoMethod.Invoke (System.Object obj, System.Reflection.BindingFlags invokeAttr, System.Reflection.Binder binder, System.Object[] parameters, System.Globalization.CultureInfo culture) [0x00048] in <695d1cc93cca45069c528c15c9fdd749>:0 
  at System.Reflection.MethodBase.Invoke (System.Object obj, System.Object[] parameters) [0x00000] in <695d1cc93cca45069c528c15c9fdd749>:0 
  at UnityEditor.EditorAssemblies.ProcessInitializeOnLoadMethodAttributes () [0x00047] in <208f92fc783546f9abbe643bfc23920c>:0 
UnityEngine.StackTraceUtility:ExtractStackTrace ()
UnityEngine.DebugLogHandler:LogFormat (UnityEngine.LogType,UnityEngine.Object,string,object[])
UnityEngine.Logger:Log (UnityEngine.LogType,object)
UnityEngine.Debug:LogError (object)
UnityEditor.EditorAssemblies:ProcessInitializeOnLoadMethodAttributes ()

Mono: successfully reloaded assembly
- Completed reload, in  0.942 seconds
Domain Reload Profiling:
	ReloadAssembly (942ms)
		BeginReloadAssembly (106ms)
			ExecutionOrderSort (0ms)
			DisableScriptedObjects (3ms)
			BackupInstance (0ms)
			ReleaseScriptingObjects (0ms)
			CreateAndSetChildDomain (28ms)
		EndReloadAssembly (782ms)
			LoadAssemblies (79ms)
			RebuildTransferFunctionScriptingTraits (0ms)
			SetupTypeCache (247ms)
			ReleaseScriptCaches (1ms)
			RebuildScriptCaches (36ms)
			SetupLoadedEditorAssemblies (289ms)
				LogAssemblyErrors (0ms)
				InitializePlatformSupportModulesInManaged (3ms)
				SetLoadedEditorAssemblies (0ms)
				RefreshPlugins (1ms)
				BeforeProcessingInitializeOnLoad (55ms)
				ProcessInitializeOnLoadAttributes (208ms)
				ProcessInitializeOnLoadMethodAttributes (15ms)
				AfterProcessingInitializeOnLoad (6ms)
				EditorAssembliesLoaded (0ms)
			ExecutionOrderSort2 (0ms)
			AwakeInstancesAfterBackupRestoration (6ms)
Platform modules already initialized, skipping
Switching build target platform(19) subTarget(0) extendedPlatform(0) -> platform(13) subTarget(524294) extendedPlatform(0)
Refreshing native plugins compatible for Editor in 0.96 ms, found 17 plugins.
Preloading 2 native plugins for Editor in 0.13 ms.
Unloading 2498 Unused Serialized files (Serialized files now loaded: 0)
System memory in use before: 108.6 MB.
System memory in use after: 108.8 MB.

Unloading 35 unused Assets to reduce memory usage. Loaded Objects now: 3066.
Total: 3.143500 ms (FindLiveObjects: 0.246600 ms CreateObjectMapping: 0.071800 ms MarkObjects: 2.805800 ms  DeleteObjects: 0.018300 ms)

AssetImportParameters requested are different than current active one (requested -> active):
  custom:framework-win-MediaFoundation: 216162199b28c13a410421893ffa2e32 -> 
  custom:video-decoder-ogg-theora: a1e56fd34408186e4bbccfd4996cb3dc -> 
  custom:container-muxer-webm: aa71ff27fc2769a1b78a27578f13a17b -> 
  custom:container-demuxer-webm: 4f35f7cbe854078d1ac9338744f61a02 -> 
  custom:container-demuxer-ogg: 62fdf1f143b41e24485cea50d1cbac27 -> 
  custom:video-encoder-webm-vp8: eb34c28f22e8b96e1ab97ce403110664 -> 
  custom:video-decoder-webm-vp8: 9c59270c3fd7afecdb556c50c9e8de78 -> 
  custom:graphics/normal-map-encoding: 01000000000000000000000000000000 -> 02000000000000000000000000000000
  custom:audio-decoder-ogg-vorbis: bf7c407c2cedff20999df2af8eb42d56 -> 
  custom:audio-encoder-webm-vorbis: bf7c407c2cedff20999df2af8eb42d56 -> 
========================================================================
Received Prepare
Refreshing native plugins compatible for Editor in 9.49 ms, found 17 plugins.
Preloading 2 native plugins for Editor in 0.11 ms.
Unloading 32 Unused Serialized files (Serialized files now loaded: 0)
System memory in use before: 60.2 MB.
System memory in use after: 60.4 MB.

Unloading 32 unused Assets to reduce memory usage. Loaded Objects now: 3066.
Total: 3.343000 ms (FindLiveObjects: 0.254200 ms CreateObjectMapping: 0.074200 ms MarkObjects: 2.990700 ms  DeleteObjects: 0.022700 ms)

AssetImportParameters requested are different than current active one (requested -> active):
  custom:framework-win-MediaFoundation: 216162199b28c13a410421893ffa2e32 -> 
  custom:video-decoder-ogg-theora: a1e56fd34408186e4bbccfd4996cb3dc -> 
  custom:container-muxer-webm: aa71ff27fc2769a1b78a27578f13a17b -> 
  custom:container-demuxer-webm: 4f35f7cbe854078d1ac9338744f61a02 -> 
  custom:container-demuxer-ogg: 62fdf1f143b41e24485cea50d1cbac27 -> 
  custom:video-encoder-webm-vp8: eb34c28f22e8b96e1ab97ce403110664 -> 
  custom:video-decoder-webm-vp8: 9c59270c3fd7afecdb556c50c9e8de78 -> 
  custom:audio-decoder-ogg-vorbis: bf7c407c2cedff20999df2af8eb42d56 -> 
  custom:audio-encoder-webm-vorbis: bf7c407c2cedff20999df2af8eb42d56 -> 
========================================================================
Received Import Request.
  Time since last request: 7456.398099 seconds.
  path: Assets/Scripts/Board.cs
  artifactKey: Guid(cc746875906f02945986e8de68d4a9e0) Importer(815301076,1909f56bfc062723c751e8b465ee728b)
Start importing Assets/Scripts/Board.cs using Guid(cc746875906f02945986e8de68d4a9e0) Importer(815301076,1909f56bfc062723c751e8b465ee728b)  -> (artifact id: '26a42b9f49db211cd94615269ff74378') in 0.009917 seconds 
  Import took 0.014083 seconds .

========================================================================
Received Prepare
Registering precompiled user dll's ...
Registered in 0.012101 seconds.
Begin MonoManager ReloadAssembly
Native extension for WindowsStandalone target not found
Refreshing native plugins compatible for Editor in 1.08 ms, found 17 plugins.
Preloading 2 native plugins for Editor in 0.14 ms.
System.Reflection.TargetInvocationException: Exception has been thrown by the target of an invocation. ---> System.NullReferenceException: Object reference not set to an instance of an object
  at Unity.XR.Oculus.OculusLoader.AssetPathToAbsolutePath (System.String assetPath) [0x00048] in C:\Users\Bar\Documents\GitHub\VR-Classroom\VirtaulClassroom\Library\PackageCache\com.unity.xr.oculus@1.10.0\Runtime\OculusLoader.cs:250 
  at Unity.XR.Oculus.OculusLoader.EditorLoadOVRPlugin () [0x0007b] in C:\Users\Bar\Documents\GitHub\VR-Classroom\VirtaulClassroom\Library\PackageCache\com.unity.xr.oculus@1.10.0\Runtime\OculusLoader.cs:235 
  at (wrapper managed-to-native) System.Reflection.MonoMethod.InternalInvoke(System.Reflection.MonoMethod,object,object[],System.Exception&)
  at System.Reflection.MonoMethod.Invoke (System.Object obj, System.Reflection.BindingFlags invokeAttr, System.Reflection.Binder binder, System.Object[] parameters, System.Globalization.CultureInfo culture) [0x00032] in <695d1cc93cca45069c528c15c9fdd749>:0 
   --- End of inner exception stack trace ---
  at System.Reflection.MonoMethod.Invoke (System.Object obj, System.Reflection.BindingFlags invokeAttr, System.Reflection.Binder binder, System.Object[] parameters, System.Globalization.CultureInfo culture) [0x00048] in <695d1cc93cca45069c528c15c9fdd749>:0 
  at System.Reflection.MethodBase.Invoke (System.Object obj, System.Object[] parameters) [0x00000] in <695d1cc93cca45069c528c15c9fdd749>:0 
  at UnityEditor.EditorAssemblies.ProcessInitializeOnLoadMethodAttributes () [0x00047] in <208f92fc783546f9abbe643bfc23920c>:0 
UnityEngine.StackTraceUtility:ExtractStackTrace ()
UnityEngine.DebugLogHandler:LogFormat (UnityEngine.LogType,UnityEngine.Object,string,object[])
UnityEngine.Logger:Log (UnityEngine.LogType,object)
UnityEngine.Debug:LogError (object)
UnityEditor.EditorAssemblies:ProcessInitializeOnLoadMethodAttributes ()

Mono: successfully reloaded assembly
- Completed reload, in  0.983 seconds
Domain Reload Profiling:
	ReloadAssembly (983ms)
		BeginReloadAssembly (118ms)
			ExecutionOrderSort (0ms)
			DisableScriptedObjects (4ms)
			BackupInstance (0ms)
			ReleaseScriptingObjects (0ms)
			CreateAndSetChildDomain (31ms)
		EndReloadAssembly (807ms)
			LoadAssemblies (87ms)
			RebuildTransferFunctionScriptingTraits (0ms)
			SetupTypeCache (257ms)
			ReleaseScriptCaches (1ms)
			RebuildScriptCaches (35ms)
			SetupLoadedEditorAssemblies (292ms)
				LogAssemblyErrors (0ms)
				InitializePlatformSupportModulesInManaged (3ms)
				SetLoadedEditorAssemblies (0ms)
				RefreshPlugins (1ms)
				BeforeProcessingInitializeOnLoad (60ms)
				ProcessInitializeOnLoadAttributes (207ms)
				ProcessInitializeOnLoadMethodAttributes (14ms)
				AfterProcessingInitializeOnLoad (6ms)
				EditorAssembliesLoaded (0ms)
			ExecutionOrderSort2 (0ms)
			AwakeInstancesAfterBackupRestoration (6ms)
Platform modules already initialized, skipping
Switching build target platform(19) subTarget(0) extendedPlatform(0) -> platform(13) subTarget(524294) extendedPlatform(0)
Refreshing native plugins compatible for Editor in 0.96 ms, found 17 plugins.
Preloading 2 native plugins for Editor in 0.12 ms.
Unloading 2498 Unused Serialized files (Serialized files now loaded: 0)
System memory in use before: 108.5 MB.
System memory in use after: 108.7 MB.

Unloading 35 unused Assets to reduce memory usage. Loaded Objects now: 3069.
Total: 3.151900 ms (FindLiveObjects: 0.242900 ms CreateObjectMapping: 0.069400 ms MarkObjects: 2.817500 ms  DeleteObjects: 0.021000 ms)

AssetImportParameters requested are different than current active one (requested -> active):
  custom:framework-win-MediaFoundation: 216162199b28c13a410421893ffa2e32 -> 
  custom:video-decoder-ogg-theora: a1e56fd34408186e4bbccfd4996cb3dc -> 
  custom:container-muxer-webm: aa71ff27fc2769a1b78a27578f13a17b -> 
  custom:container-demuxer-webm: 4f35f7cbe854078d1ac9338744f61a02 -> 
  custom:container-demuxer-ogg: 62fdf1f143b41e24485cea50d1cbac27 -> 
  custom:video-encoder-webm-vp8: eb34c28f22e8b96e1ab97ce403110664 -> 
  custom:video-decoder-webm-vp8: 9c59270c3fd7afecdb556c50c9e8de78 -> 
  custom:graphics/normal-map-encoding: 01000000000000000000000000000000 -> 02000000000000000000000000000000
  custom:audio-decoder-ogg-vorbis: bf7c407c2cedff20999df2af8eb42d56 -> 
  custom:audio-encoder-webm-vorbis: bf7c407c2cedff20999df2af8eb42d56 -> 
========================================================================
Received Import Request.
  Time since last request: 21.915308 seconds.
  path: Assets/Scripts/Board.cs
  artifactKey: Guid(cc746875906f02945986e8de68d4a9e0) Importer(815301076,1909f56bfc062723c751e8b465ee728b)
Start importing Assets/Scripts/Board.cs using Guid(cc746875906f02945986e8de68d4a9e0) Importer(815301076,1909f56bfc062723c751e8b465ee728b)  -> (artifact id: '316730abed8209b244755c79a1a3470f') in 0.004863 seconds 
  Import took 0.008089 seconds .

========================================================================
Received Prepare
Registering precompiled user dll's ...
Registered in 0.010826 seconds.
Begin MonoManager ReloadAssembly
Native extension for WindowsStandalone target not found
Refreshing native plugins compatible for Editor in 0.98 ms, found 17 plugins.
Preloading 2 native plugins for Editor in 0.13 ms.
System.Reflection.TargetInvocationException: Exception has been thrown by the target of an invocation. ---> System.NullReferenceException: Object reference not set to an instance of an object
  at Unity.XR.Oculus.OculusLoader.AssetPathToAbsolutePath (System.String assetPath) [0x00048] in C:\Users\Bar\Documents\GitHub\VR-Classroom\VirtaulClassroom\Library\PackageCache\com.unity.xr.oculus@1.10.0\Runtime\OculusLoader.cs:250 
  at Unity.XR.Oculus.OculusLoader.EditorLoadOVRPlugin () [0x0007b] in C:\Users\Bar\Documents\GitHub\VR-Classroom\VirtaulClassroom\Library\PackageCache\com.unity.xr.oculus@1.10.0\Runtime\OculusLoader.cs:235 
  at (wrapper managed-to-native) System.Reflection.MonoMethod.InternalInvoke(System.Reflection.MonoMethod,object,object[],System.Exception&)
  at System.Reflection.MonoMethod.Invoke (System.Object obj, System.Reflection.BindingFlags invokeAttr, System.Reflection.Binder binder, System.Object[] parameters, System.Globalization.CultureInfo culture) [0x00032] in <695d1cc93cca45069c528c15c9fdd749>:0 
   --- End of inner exception stack trace ---
  at System.Reflection.MonoMethod.Invoke (System.Object obj, System.Reflection.BindingFlags invokeAttr, System.Reflection.Binder binder, System.Object[] parameters, System.Globalization.CultureInfo culture) [0x00048] in <695d1cc93cca45069c528c15c9fdd749>:0 
  at System.Reflection.MethodBase.Invoke (System.Object obj, System.Object[] parameters) [0x00000] in <695d1cc93cca45069c528c15c9fdd749>:0 
  at UnityEditor.EditorAssemblies.ProcessInitializeOnLoadMethodAttributes () [0x00047] in <208f92fc783546f9abbe643bfc23920c>:0 
UnityEngine.StackTraceUtility:ExtractStackTrace ()
UnityEngine.DebugLogHandler:LogFormat (UnityEngine.LogType,UnityEngine.Object,string,object[])
UnityEngine.Logger:Log (UnityEngine.LogType,object)
UnityEngine.Debug:LogError (object)
UnityEditor.EditorAssemblies:ProcessInitializeOnLoadMethodAttributes ()

Mono: successfully reloaded assembly
- Completed reload, in  0.948 seconds
Domain Reload Profiling:
	ReloadAssembly (949ms)
		BeginReloadAssembly (101ms)
			ExecutionOrderSort (0ms)
			DisableScriptedObjects (4ms)
			BackupInstance (0ms)
			ReleaseScriptingObjects (0ms)
			CreateAndSetChildDomain (28ms)
		EndReloadAssembly (792ms)
			LoadAssemblies (81ms)
			RebuildTransferFunctionScriptingTraits (0ms)
			SetupTypeCache (252ms)
			ReleaseScriptCaches (1ms)
			RebuildScriptCaches (35ms)
			SetupLoadedEditorAssemblies (284ms)
				LogAssemblyErrors (0ms)
				InitializePlatformSupportModulesInManaged (3ms)
				SetLoadedEditorAssemblies (0ms)
				RefreshPlugins (1ms)
				BeforeProcessingInitializeOnLoad (55ms)
				ProcessInitializeOnLoadAttributes (205ms)
				ProcessInitializeOnLoadMethodAttributes (14ms)
				AfterProcessingInitializeOnLoad (5ms)
				EditorAssembliesLoaded (0ms)
			ExecutionOrderSort2 (0ms)
			AwakeInstancesAfterBackupRestoration (6ms)
Platform modules already initialized, skipping
Switching build target platform(19) subTarget(0) extendedPlatform(0) -> platform(13) subTarget(524294) extendedPlatform(0)
Refreshing native plugins compatible for Editor in 0.95 ms, found 17 plugins.
Preloading 2 native plugins for Editor in 0.13 ms.
Unloading 2498 Unused Serialized files (Serialized files now loaded: 0)
System memory in use before: 108.6 MB.
System memory in use after: 108.8 MB.

Unloading 35 unused Assets to reduce memory usage. Loaded Objects now: 3072.
Total: 3.143700 ms (FindLiveObjects: 0.243000 ms CreateObjectMapping: 0.072100 ms MarkObjects: 2.808000 ms  DeleteObjects: 0.019600 ms)

AssetImportParameters requested are different than current active one (requested -> active):
  custom:framework-win-MediaFoundation: 216162199b28c13a410421893ffa2e32 -> 
  custom:video-decoder-ogg-theora: a1e56fd34408186e4bbccfd4996cb3dc -> 
  custom:container-muxer-webm: aa71ff27fc2769a1b78a27578f13a17b -> 
  custom:container-demuxer-webm: 4f35f7cbe854078d1ac9338744f61a02 -> 
  custom:container-demuxer-ogg: 62fdf1f143b41e24485cea50d1cbac27 -> 
  custom:video-encoder-webm-vp8: eb34c28f22e8b96e1ab97ce403110664 -> 
  custom:video-decoder-webm-vp8: 9c59270c3fd7afecdb556c50c9e8de78 -> 
  custom:graphics/normal-map-encoding: 01000000000000000000000000000000 -> 02000000000000000000000000000000
  custom:audio-decoder-ogg-vorbis: bf7c407c2cedff20999df2af8eb42d56 -> 
  custom:audio-encoder-webm-vorbis: bf7c407c2cedff20999df2af8eb42d56 -> 
========================================================================
Received Prepare
Refreshing native plugins compatible for Editor in 9.48 ms, found 17 plugins.
Preloading 2 native plugins for Editor in 0.11 ms.
Unloading 32 Unused Serialized files (Serialized files now loaded: 0)
System memory in use before: 60.2 MB.
System memory in use after: 60.4 MB.

Unloading 32 unused Assets to reduce memory usage. Loaded Objects now: 3072.
Total: 3.447700 ms (FindLiveObjects: 0.261900 ms CreateObjectMapping: 0.072800 ms MarkObjects: 3.094500 ms  DeleteObjects: 0.017500 ms)

AssetImportParameters requested are different than current active one (requested -> active):
  custom:framework-win-MediaFoundation: 216162199b28c13a410421893ffa2e32 -> 
  custom:video-decoder-ogg-theora: a1e56fd34408186e4bbccfd4996cb3dc -> 
  custom:container-muxer-webm: aa71ff27fc2769a1b78a27578f13a17b -> 
  custom:container-demuxer-webm: 4f35f7cbe854078d1ac9338744f61a02 -> 
  custom:container-demuxer-ogg: 62fdf1f143b41e24485cea50d1cbac27 -> 
  custom:video-encoder-webm-vp8: eb34c28f22e8b96e1ab97ce403110664 -> 
  custom:video-decoder-webm-vp8: 9c59270c3fd7afecdb556c50c9e8de78 -> 
  custom:audio-decoder-ogg-vorbis: bf7c407c2cedff20999df2af8eb42d56 -> 
  custom:audio-encoder-webm-vorbis: bf7c407c2cedff20999df2af8eb42d56 -> 
========================================================================
Received Prepare
Refreshing native plugins compatible for Editor in 10.03 ms, found 17 plugins.
Preloading 2 native plugins for Editor in 0.16 ms.
Unloading 32 Unused Serialized files (Serialized files now loaded: 0)
System memory in use before: 60.2 MB.
System memory in use after: 60.4 MB.

Unloading 32 unused Assets to reduce memory usage. Loaded Objects now: 3072.
Total: 3.633900 ms (FindLiveObjects: 0.288500 ms CreateObjectMapping: 0.077700 ms MarkObjects: 3.246400 ms  DeleteObjects: 0.020300 ms)

AssetImportParameters requested are different than current active one (requested -> active):
  custom:framework-win-MediaFoundation: 216162199b28c13a410421893ffa2e32 -> 
  custom:video-decoder-ogg-theora: a1e56fd34408186e4bbccfd4996cb3dc -> 
  custom:container-muxer-webm: aa71ff27fc2769a1b78a27578f13a17b -> 
  custom:container-demuxer-webm: 4f35f7cbe854078d1ac9338744f61a02 -> 
  custom:container-demuxer-ogg: 62fdf1f143b41e24485cea50d1cbac27 -> 
  custom:video-encoder-webm-vp8: eb34c28f22e8b96e1ab97ce403110664 -> 
  custom:video-decoder-webm-vp8: 9c59270c3fd7afecdb556c50c9e8de78 -> 
  custom:audio-decoder-ogg-vorbis: bf7c407c2cedff20999df2af8eb42d56 -> 
  custom:audio-encoder-webm-vorbis: bf7c407c2cedff20999df2af8eb42d56 -> 
========================================================================
Received Import Request.
  Time since last request: 5545.349664 seconds.
  path: Assets/Scripts/Distraction.cs
  artifactKey: Guid(49c513971a8536d4680965283ec60cff) Importer(815301076,1909f56bfc062723c751e8b465ee728b)
Start importing Assets/Scripts/Distraction.cs using Guid(49c513971a8536d4680965283ec60cff) Importer(815301076,1909f56bfc062723c751e8b465ee728b)  -> (artifact id: '2775165b8f4de60724c54945cd777932') in 0.021883 seconds 
  Import took 0.029506 seconds .

========================================================================
Received Prepare
Registering precompiled user dll's ...
Registered in 0.012158 seconds.
Begin MonoManager ReloadAssembly
Native extension for WindowsStandalone target not found
Refreshing native plugins compatible for Editor in 1.02 ms, found 17 plugins.
Preloading 2 native plugins for Editor in 0.13 ms.
System.Reflection.TargetInvocationException: Exception has been thrown by the target of an invocation. ---> System.NullReferenceException: Object reference not set to an instance of an object
  at Unity.XR.Oculus.OculusLoader.AssetPathToAbsolutePath (System.String assetPath) [0x00048] in C:\Users\Bar\Documents\GitHub\VR-Classroom\VirtaulClassroom\Library\PackageCache\com.unity.xr.oculus@1.10.0\Runtime\OculusLoader.cs:250 
  at Unity.XR.Oculus.OculusLoader.EditorLoadOVRPlugin () [0x0007b] in C:\Users\Bar\Documents\GitHub\VR-Classroom\VirtaulClassroom\Library\PackageCache\com.unity.xr.oculus@1.10.0\Runtime\OculusLoader.cs:235 
  at (wrapper managed-to-native) System.Reflection.MonoMethod.InternalInvoke(System.Reflection.MonoMethod,object,object[],System.Exception&)
  at System.Reflection.MonoMethod.Invoke (System.Object obj, System.Reflection.BindingFlags invokeAttr, System.Reflection.Binder binder, System.Object[] parameters, System.Globalization.CultureInfo culture) [0x00032] in <695d1cc93cca45069c528c15c9fdd749>:0 
   --- End of inner exception stack trace ---
  at System.Reflection.MonoMethod.Invoke (System.Object obj, System.Reflection.BindingFlags invokeAttr, System.Reflection.Binder binder, System.Object[] parameters, System.Globalization.CultureInfo culture) [0x00048] in <695d1cc93cca45069c528c15c9fdd749>:0 
  at System.Reflection.MethodBase.Invoke (System.Object obj, System.Object[] parameters) [0x00000] in <695d1cc93cca45069c528c15c9fdd749>:0 
  at UnityEditor.EditorAssemblies.ProcessInitializeOnLoadMethodAttributes () [0x00047] in <208f92fc783546f9abbe643bfc23920c>:0 
UnityEngine.StackTraceUtility:ExtractStackTrace ()
UnityEngine.DebugLogHandler:LogFormat (UnityEngine.LogType,UnityEngine.Object,string,object[])
UnityEngine.Logger:Log (UnityEngine.LogType,object)
UnityEngine.Debug:LogError (object)
UnityEditor.EditorAssemblies:ProcessInitializeOnLoadMethodAttributes ()

Mono: successfully reloaded assembly
- Completed reload, in  1.110 seconds
Domain Reload Profiling:
	ReloadAssembly (1111ms)
		BeginReloadAssembly (191ms)
			ExecutionOrderSort (0ms)
			DisableScriptedObjects (12ms)
			BackupInstance (0ms)
			ReleaseScriptingObjects (0ms)
			CreateAndSetChildDomain (86ms)
		EndReloadAssembly (860ms)
			LoadAssemblies (98ms)
			RebuildTransferFunctionScriptingTraits (0ms)
			SetupTypeCache (276ms)
			ReleaseScriptCaches (1ms)
			RebuildScriptCaches (36ms)
			SetupLoadedEditorAssemblies (300ms)
				LogAssemblyErrors (0ms)
				InitializePlatformSupportModulesInManaged (4ms)
				SetLoadedEditorAssemblies (0ms)
				RefreshPlugins (1ms)
				BeforeProcessingInitializeOnLoad (56ms)
				ProcessInitializeOnLoadAttributes (217ms)
				ProcessInitializeOnLoadMethodAttributes (15ms)
				AfterProcessingInitializeOnLoad (6ms)
				EditorAssembliesLoaded (0ms)
			ExecutionOrderSort2 (0ms)
			AwakeInstancesAfterBackupRestoration (6ms)
Platform modules already initialized, skipping
Switching build target platform(19) subTarget(0) extendedPlatform(0) -> platform(13) subTarget(524294) extendedPlatform(0)
Refreshing native plugins compatible for Editor in 0.99 ms, found 17 plugins.
Preloading 2 native plugins for Editor in 0.13 ms.
Unloading 2498 Unused Serialized files (Serialized files now loaded: 0)
System memory in use before: 108.6 MB.
System memory in use after: 108.8 MB.

Unloading 35 unused Assets to reduce memory usage. Loaded Objects now: 3075.
Total: 3.229000 ms (FindLiveObjects: 0.257200 ms CreateObjectMapping: 0.074600 ms MarkObjects: 2.867900 ms  DeleteObjects: 0.028200 ms)

AssetImportParameters requested are different than current active one (requested -> active):
  custom:framework-win-MediaFoundation: 216162199b28c13a410421893ffa2e32 -> 
  custom:video-decoder-ogg-theora: a1e56fd34408186e4bbccfd4996cb3dc -> 
  custom:container-muxer-webm: aa71ff27fc2769a1b78a27578f13a17b -> 
  custom:container-demuxer-webm: 4f35f7cbe854078d1ac9338744f61a02 -> 
  custom:container-demuxer-ogg: 62fdf1f143b41e24485cea50d1cbac27 -> 
  custom:video-encoder-webm-vp8: eb34c28f22e8b96e1ab97ce403110664 -> 
  custom:video-decoder-webm-vp8: 9c59270c3fd7afecdb556c50c9e8de78 -> 
  custom:graphics/normal-map-encoding: 01000000000000000000000000000000 -> 02000000000000000000000000000000
  custom:audio-decoder-ogg-vorbis: bf7c407c2cedff20999df2af8eb42d56 -> 
  custom:audio-encoder-webm-vorbis: bf7c407c2cedff20999df2af8eb42d56 -> 
========================================================================
Received Import Request.
  Time since last request: 6955.888020 seconds.
  path: Assets/Scripts/Board.cs
  artifactKey: Guid(cc746875906f02945986e8de68d4a9e0) Importer(815301076,1909f56bfc062723c751e8b465ee728b)
Start importing Assets/Scripts/Board.cs using Guid(cc746875906f02945986e8de68d4a9e0) Importer(815301076,1909f56bfc062723c751e8b465ee728b)  -> (artifact id: '27a1f869a4625be75d20a4012c594cc7') in 0.070197 seconds 
  Import took 0.139811 seconds .

